[2023-04-02 18:13:16,254: INFO/MainProcess] Connected to redis://default:**@containers-us-west-48.railway.app:7317//
[2023-04-02 18:13:16,738: INFO/SpawnPoolWorker-2] child process 10824 calling self.run()
[2023-04-02 18:13:16,754: INFO/SpawnPoolWorker-1] child process 10848 calling self.run()
[2023-04-02 18:13:16,941: INFO/SpawnPoolWorker-3] child process 7940 calling self.run()
[2023-04-02 18:13:16,957: INFO/SpawnPoolWorker-4] child process 2892 calling self.run()
[2023-04-02 18:13:17,035: INFO/MainProcess] mingle: searching for neighbors
[2023-04-02 18:13:22,504: INFO/MainProcess] mingle: all alone
[2023-04-02 18:13:27,441: WARNING/MainProcess] D:\django_test\django-celery\venv\lib\site-packages\celery\fixups\django.py:203: UserWarning: Using settings.DEBUG leads to a memory
            leak, never use this setting in production environments!
  warnings.warn('''Using settings.DEBUG leads to a memory

[2023-04-02 18:13:27,441: INFO/MainProcess] celery@DESKTOP-SENCPKV ready.
[2023-04-02 18:13:36,769: INFO/MainProcess] Events of group {task} enabled by remote.
[2023-04-02 18:14:20,424: INFO/MainProcess] Task tasks.sample_tasks.create_task[2c4a1eee-60e4-4f48-a52f-fab1a9b39c4a] received
[2023-04-02 18:14:23,899: INFO/SpawnPoolWorker-7] child process 536 calling self.run()
[2023-04-02 18:14:24,233: INFO/SpawnPoolWorker-5] child process 6564 calling self.run()
[2023-04-02 18:14:24,317: INFO/SpawnPoolWorker-8] child process 788 calling self.run()
[2023-04-02 18:14:25,066: INFO/SpawnPoolWorker-6] child process 7636 calling self.run()
[2023-04-02 18:19:40,956: INFO/MainProcess] Connected to redis://default:**@containers-us-west-48.railway.app:7317//
[2023-04-02 18:19:41,268: ERROR/MainProcess] Process 'SpawnPoolWorker-3' pid:8108 exited with 'exitcode 3221225786'
[2023-04-02 18:19:41,270: ERROR/MainProcess] Process 'SpawnPoolWorker-1' pid:6048 exited with 'exitcode 3221225786'
[2023-04-02 18:19:41,456: ERROR/MainProcess] Process 'SpawnPoolWorker-4' pid:4792 exited with 'exitcode 3221225786'
[2023-04-02 18:19:41,584: ERROR/MainProcess] Process 'SpawnPoolWorker-2' pid:10464 exited with 'exitcode 3221225786'
[2023-04-02 18:19:41,761: INFO/MainProcess] mingle: searching for neighbors
[2023-04-02 18:19:42,731: INFO/SpawnPoolWorker-5] child process 8668 calling self.run()
[2023-04-02 18:19:42,731: INFO/SpawnPoolWorker-6] child process 10920 calling self.run()
[2023-04-02 18:19:42,978: INFO/SpawnPoolWorker-7] child process 7732 calling self.run()
[2023-04-02 18:19:43,072: INFO/SpawnPoolWorker-8] child process 3152 calling self.run()
[2023-04-02 18:19:54,040: INFO/MainProcess] mingle: all alone
[2023-04-02 18:20:00,639: WARNING/MainProcess] D:\django_test\django-celery\venv\lib\site-packages\celery\fixups\django.py:203: UserWarning: Using settings.DEBUG leads to a memory
            leak, never use this setting in production environments!
  warnings.warn('''Using settings.DEBUG leads to a memory

[2023-04-02 18:20:00,639: INFO/MainProcess] celery@DESKTOP-SENCPKV ready.
[2023-04-02 18:20:35,580: INFO/MainProcess] Connected to redis://default:**@containers-us-west-48.railway.app:7317//
[2023-04-02 18:20:36,386: INFO/MainProcess] mingle: searching for neighbors
[2023-04-02 18:20:41,561: INFO/MainProcess] mingle: all alone
[2023-04-02 18:20:47,514: WARNING/MainProcess] D:\django_test\django-celery\venv\lib\site-packages\celery\fixups\django.py:203: UserWarning: Using settings.DEBUG leads to a memory
            leak, never use this setting in production environments!
  warnings.warn('''Using settings.DEBUG leads to a memory

[2023-04-02 18:20:47,514: INFO/MainProcess] celery@DESKTOP-SENCPKV ready.
[2023-04-02 18:21:00,210: INFO/MainProcess] Events of group {task} enabled by remote.
[2023-04-02 18:21:07,267: INFO/MainProcess] Task tasks.sample_tasks.create_task[bb9b4967-73f1-4594-9fe9-d70656c760d6] received
[2023-04-02 18:21:07,861: WARNING/MainProcess] this
[2023-04-02 18:21:07,861: WARNING/MainProcess] end
[2023-04-02 18:21:08,990: INFO/MainProcess] Task tasks.sample_tasks.create_task[bb9b4967-73f1-4594-9fe9-d70656c760d6] succeeded in 1.1720000000004802s: True
[2023-04-02 18:21:58,363: INFO/MainProcess] Task tasks.sample_tasks.create_task[41f3df7f-6921-4d42-912f-147de1b0b7a9] received
[2023-04-02 18:21:58,908: WARNING/MainProcess] this
[2023-04-02 18:21:58,908: WARNING/MainProcess] end
[2023-04-02 18:21:59,424: INFO/MainProcess] Task tasks.sample_tasks.create_task[41f3df7f-6921-4d42-912f-147de1b0b7a9] succeeded in 0.5160000000014406s: True
[2023-04-02 18:22:00,467: INFO/MainProcess] Task tasks.sample_tasks.create_task[cecfe2e8-1512-46ad-a496-f63aac70a774] received
[2023-04-02 18:22:00,994: WARNING/MainProcess] this
[2023-04-02 18:22:00,994: WARNING/MainProcess] end
[2023-04-02 18:22:01,510: INFO/MainProcess] Task tasks.sample_tasks.create_task[cecfe2e8-1512-46ad-a496-f63aac70a774] succeeded in 0.5159999999996217s: True
[2023-04-02 18:22:04,221: INFO/MainProcess] Task tasks.sample_tasks.create_task[121ca672-ef1c-41b9-a777-84ee0eedfe09] received
[2023-04-02 18:22:04,751: WARNING/MainProcess] this
[2023-04-02 18:22:04,751: WARNING/MainProcess] end
[2023-04-02 18:22:05,263: INFO/MainProcess] Task tasks.sample_tasks.create_task[121ca672-ef1c-41b9-a777-84ee0eedfe09] succeeded in 0.5159999999996217s: True
[2023-04-02 18:22:12,374: INFO/MainProcess] Task tasks.sample_tasks.create_task[b712117f-9812-47e8-a9b1-7b8cbb6c272b] received
[2023-04-02 18:22:12,910: WARNING/MainProcess] this
[2023-04-02 18:22:12,910: WARNING/MainProcess] end
[2023-04-02 18:22:13,410: INFO/MainProcess] Task tasks.sample_tasks.create_task[b712117f-9812-47e8-a9b1-7b8cbb6c272b] succeeded in 0.5s: True
[2023-04-02 18:22:36,415: INFO/MainProcess] Task tasks.sample_tasks.create_task[3ab1d58b-39f9-46f7-9d78-db8a9a598103] received
[2023-04-02 18:22:36,962: WARNING/MainProcess] this
[2023-04-02 18:22:36,962: WARNING/MainProcess] end
[2023-04-02 18:22:37,466: INFO/MainProcess] Task tasks.sample_tasks.create_task[3ab1d58b-39f9-46f7-9d78-db8a9a598103] succeeded in 0.5s: True
[2023-04-02 18:22:45,013: INFO/MainProcess] Task tasks.sample_tasks.create_task[6cbfad55-20b2-4ce1-8c3e-8257b39f2fca] received
[2023-04-02 18:22:45,548: WARNING/MainProcess] this
[2023-04-02 18:22:45,548: WARNING/MainProcess] end
[2023-04-02 18:22:46,060: INFO/MainProcess] Task tasks.sample_tasks.create_task[6cbfad55-20b2-4ce1-8c3e-8257b39f2fca] succeeded in 0.5149999999994179s: True
[2023-04-02 18:22:58,925: INFO/MainProcess] Task tasks.sample_tasks.create_task[7e3562f3-b754-4589-83e2-3080c7883a3c] received
[2023-04-02 18:22:59,730: WARNING/MainProcess] this
[2023-04-02 18:22:59,730: WARNING/MainProcess] end
[2023-04-02 18:23:00,245: INFO/MainProcess] Task tasks.sample_tasks.create_task[7e3562f3-b754-4589-83e2-3080c7883a3c] succeeded in 0.5159999999996217s: True
[2023-04-02 18:23:29,950: INFO/MainProcess] Connected to redis://default:**@containers-us-west-48.railway.app:7317//
[2023-04-02 18:23:31,497: INFO/MainProcess] mingle: searching for neighbors
[2023-04-02 18:23:36,704: INFO/MainProcess] mingle: all alone
[2023-04-02 18:23:41,885: WARNING/MainProcess] D:\django_test\django-celery\venv\lib\site-packages\celery\fixups\django.py:203: UserWarning: Using settings.DEBUG leads to a memory
            leak, never use this setting in production environments!
  warnings.warn('''Using settings.DEBUG leads to a memory

[2023-04-02 18:23:41,885: INFO/MainProcess] celery@DESKTOP-SENCPKV ready.
[2023-04-02 18:23:42,572: INFO/MainProcess] Events of group {task} enabled by remote.
[2023-04-02 18:23:43,827: INFO/MainProcess] Task tasks.sample_tasks.create_task[7387ff15-360d-4710-b348-3ddded6e73c9] received
[2023-04-02 18:23:44,368: WARNING/MainProcess] this
[2023-04-02 18:24:14,381: WARNING/MainProcess] end
[2023-04-02 18:24:15,403: INFO/MainProcess] Task tasks.sample_tasks.create_task[7387ff15-360d-4710-b348-3ddded6e73c9] succeeded in 31.03099999999904s: True
[2023-04-02 18:24:16,936: INFO/MainProcess] Task tasks.sample_tasks.create_task[bbc241bf-8967-4848-8044-c58f8e42db98] received
[2023-04-02 18:24:17,745: WARNING/MainProcess] this
[2023-04-02 18:24:27,750: WARNING/MainProcess] end
[2023-04-02 18:24:28,266: INFO/MainProcess] Task tasks.sample_tasks.create_task[bbc241bf-8967-4848-8044-c58f8e42db98] succeeded in 10.515999999999622s: True
[2023-04-02 18:42:28,239: WARNING/MainProcess] consumer: Connection to broker lost. Trying to re-establish the connection...
Traceback (most recent call last):
  File "D:\django_test\django-celery\venv\lib\site-packages\redis\connection.py", line 812, in read_response
    response = self._parser.read_response(disable_decoding=disable_decoding)
  File "D:\django_test\django-celery\venv\lib\site-packages\redis\connection.py", line 318, in read_response
    raw = self._buffer.readline()
  File "D:\django_test\django-celery\venv\lib\site-packages\redis\connection.py", line 249, in readline
    self._read_from_socket()
  File "D:\django_test\django-celery\venv\lib\site-packages\redis\connection.py", line 192, in _read_from_socket
    data = self._sock.recv(socket_read_size)
ConnectionResetError: [WinError 10054] An existing connection was forcibly closed by the remote host

During handling of the above exception, another exception occurred:

Traceback (most recent call last):
  File "D:\django_test\django-celery\venv\lib\site-packages\celery\worker\consumer\consumer.py", line 332, in start
    blueprint.start(self)
  File "D:\django_test\django-celery\venv\lib\site-packages\celery\bootsteps.py", line 116, in start
    step.start(parent)
  File "D:\django_test\django-celery\venv\lib\site-packages\celery\worker\consumer\consumer.py", line 628, in start
    c.loop(*c.loop_args())
  File "D:\django_test\django-celery\venv\lib\site-packages\celery\worker\loops.py", line 130, in synloop
    connection.drain_events(timeout=2.0)
  File "D:\django_test\django-celery\venv\lib\site-packages\kombu\connection.py", line 316, in drain_events
    return self.transport.drain_events(self.connection, **kwargs)
  File "D:\django_test\django-celery\venv\lib\site-packages\kombu\transport\virtual\base.py", line 971, in drain_events
    get(self._deliver, timeout=timeout)
  File "D:\django_test\django-celery\venv\lib\site-packages\kombu\transport\redis.py", line 584, in get
    ret = self.handle_event(fileno, event)
  File "D:\django_test\django-celery\venv\lib\site-packages\kombu\transport\redis.py", line 566, in handle_event
    return self.on_readable(fileno), self
  File "D:\django_test\django-celery\venv\lib\site-packages\kombu\transport\redis.py", line 562, in on_readable
    chan.handlers[type]()
  File "D:\django_test\django-celery\venv\lib\site-packages\kombu\transport\redis.py", line 906, in _receive
    ret.append(self._receive_one(c))
  File "D:\django_test\django-celery\venv\lib\site-packages\kombu\transport\redis.py", line 916, in _receive_one
    response = c.parse_response()
  File "D:\django_test\django-celery\venv\lib\site-packages\redis\client.py", line 1531, in parse_response
    response = self._execute(conn, try_read)
  File "D:\django_test\django-celery\venv\lib\site-packages\redis\client.py", line 1507, in _execute
    return conn.retry.call_with_retry(
  File "D:\django_test\django-celery\venv\lib\site-packages\redis\retry.py", line 49, in call_with_retry
    fail(error)
  File "D:\django_test\django-celery\venv\lib\site-packages\redis\client.py", line 1509, in <lambda>
    lambda error: self._disconnect_raise_connect(conn, error),
  File "D:\django_test\django-celery\venv\lib\site-packages\redis\client.py", line 1496, in _disconnect_raise_connect
    raise error
  File "D:\django_test\django-celery\venv\lib\site-packages\redis\retry.py", line 46, in call_with_retry
    return do()
  File "D:\django_test\django-celery\venv\lib\site-packages\redis\client.py", line 1508, in <lambda>
    lambda: command(*args, **kwargs),
  File "D:\django_test\django-celery\venv\lib\site-packages\redis\client.py", line 1529, in try_read
    return conn.read_response()
  File "D:\django_test\django-celery\venv\lib\site-packages\redis\connection.py", line 818, in read_response
    raise ConnectionError(f"Error while reading from {hosterr}" f" : {e.args}")
redis.exceptions.ConnectionError: Error while reading from containers-us-west-48.railway.app:7317 : (10054, 'An existing connection was forcibly closed by the remote host', None, 10054, None)
[2023-04-02 18:42:35,786: WARNING/MainProcess] D:\django_test\django-celery\venv\lib\site-packages\celery\worker\consumer\consumer.py:367: CPendingDeprecationWarning: 
In Celery 5.1 we introduced an optional breaking change which
on connection loss cancels all currently executed tasks with late acknowledgement enabled.
These tasks cannot be acknowledged as the connection is gone, and the tasks are automatically redelivered back to the queue.
You can enable this behavior using the worker_cancel_long_running_tasks_on_connection_loss setting.
In Celery 5.1 it is set to False by default. The setting will be set to True by default in Celery 6.0.

  warnings.warn(CANCEL_TASKS_BY_DEFAULT, CPendingDeprecationWarning)

[2023-04-04 22:57:13,765: INFO/SpawnPoolWorker-1] child process 3740 calling self.run()
[2023-04-04 22:57:14,077: INFO/SpawnPoolWorker-3] child process 11432 calling self.run()
[2023-04-04 22:57:14,109: INFO/SpawnPoolWorker-2] child process 920 calling self.run()

[2023-04-04 22:57:14,687: INFO/MainProcess] Connected to redis://default:**@containers-us-west-48.railway.app:7317//
[2023-04-04 22:57:15,484: INFO/MainProcess] mingle: searching for neighbors
[2023-04-04 22:57:27,556: INFO/MainProcess] mingle: all alone
[2023-04-04 22:57:32,463: WARNING/MainProcess] D:\django_test\django-celery\venv\lib\site-packages\celery\fixups\django.py:203: UserWarning: Using settings.DEBUG leads to a memory
            leak, never use this setting in production environments!
  warnings.warn('''Using settings.DEBUG leads to a memory

[2023-04-04 22:57:32,478: INFO/MainProcess] celery@DESKTOP-SENCPKV ready.
[2023-04-04 22:57:32,994: INFO/MainProcess] Task tasks.sample_tasks.create_task[cbeae304-bfb1-4d97-a504-dfb1adc8a1d9] received
[2023-04-04 22:57:33,525: INFO/MainProcess] Task tasks.sample_tasks.create_task[c1d47b94-9a88-431b-835c-3d848b740964] received
[2023-04-04 22:57:34,197: INFO/MainProcess] Task tasks.sample_tasks.create_task[a89e362f-b430-441c-bf3e-940a47967c67] received
[2023-04-04 22:57:34,244: INFO/SpawnPoolWorker-5] child process 2676 calling self.run()
[2023-04-04 22:57:34,713: INFO/MainProcess] Task tasks.sample_tasks.create_task[53c07593-e91b-4c97-9143-ccf1ff1cc941] received
[2023-04-04 22:57:35,150: INFO/SpawnPoolWorker-6] child process 11880 calling self.run()
[2023-04-04 22:57:35,213: INFO/MainProcess] Task tasks.sample_tasks.create_task[4cd68811-2098-42d5-8cad-1854bdc85fc2] received
[2023-04-04 22:57:35,728: INFO/MainProcess] Task tasks.sample_tasks.create_task[d9e98c3e-9cda-4b5b-bcab-3404be3aa6cd] received
[2023-04-04 22:57:36,228: INFO/MainProcess] Task tasks.sample_tasks.create_task[6292a8c7-b851-4f82-96c4-c4b3ff0d5723] received
[2023-04-04 22:57:37,416: INFO/MainProcess] Task tasks.sample_tasks.create_task[28894aa0-a392-4fc9-bce3-85849c4da2b4] received
[2023-04-04 22:57:37,603: INFO/SpawnPoolWorker-7] child process 8200 calling self.run()
[2023-04-04 22:57:39,041: INFO/MainProcess] Task tasks.sample_tasks.create_task[2c4a1eee-60e4-4f48-a52f-fab1a9b39c4a] received
[2023-04-04 22:57:39,259: INFO/SpawnPoolWorker-8] child process 3924 calling self.run()
[2023-04-04 23:02:20,440: INFO/MainProcess] Connected to redis://default:**@containers-us-west-48.railway.app:7317//
[2023-04-04 23:02:22,065: INFO/MainProcess] mingle: searching for neighbors
[2023-04-04 23:02:27,346: INFO/MainProcess] mingle: all alone
[2023-04-04 23:02:28,674: INFO/MainProcess] pidbox: Connected to redis://default:**@containers-us-west-48.railway.app:7317//.
[2023-04-04 23:02:29,674: WARNING/MainProcess] D:\django_test\django-celery\venv\lib\site-packages\celery\fixups\django.py:203: UserWarning: Using settings.DEBUG leads to a memory
            leak, never use this setting in production environments!
  warnings.warn('''Using settings.DEBUG leads to a memory

[2023-04-04 23:02:29,674: INFO/MainProcess] celery@DESKTOP-SENCPKV ready.
[2023-04-04 23:02:30,206: INFO/MainProcess] Task tasks.sample_tasks.create_task[df14df29-7d52-43aa-a207-ff4a57175ee4] received
[2023-04-04 23:02:30,221: WARNING/MainProcess] Task Started
[2023-04-04 23:02:39,612: WARNING/MainProcess] done
[2023-04-04 23:02:43,245: WARNING/MainProcess] done
[2023-04-04 23:02:46,698: WARNING/MainProcess] done
[2023-04-04 23:02:50,323: WARNING/MainProcess] done
[2023-04-04 23:02:54,555: WARNING/MainProcess] done
[2023-04-04 23:03:00,769: WARNING/MainProcess] done
[2023-04-04 23:03:01,365: INFO/MainProcess] Events of group {task} enabled by remote.
[2023-04-04 23:03:06,053: WARNING/MainProcess] done
[2023-04-04 23:03:11,419: WARNING/MainProcess] done
[2023-04-04 23:03:11,419: INFO/MainProcess] Task tasks.sample_tasks.create_task[b42f306a-7db9-453e-a5fa-3b25abc8b19b] received
[2023-04-04 23:03:15,063: WARNING/MainProcess] done
[2023-04-04 23:03:19,252: WARNING/MainProcess] done
[2023-04-04 23:03:19,252: WARNING/MainProcess] Task Started
[2023-04-04 23:03:19,714: WARNING/MainProcess]                      0                 1  ...                  5                   6
0             store_id  uptime_last_hour  ...  downtime_last_day  downtime_last_week
1  8419537941919820732                60  ...                0.0               115.0
2    54515546588432327                60  ...                0.0                50.0
3  8377465688456570187                60  ...                0.0                60.0
4  5955337179846162144                60  ...                0.0                45.0

[5 rows x 7 columns]
[2023-04-04 23:03:19,714: WARNING/MainProcess] Task Ended
[2023-04-04 23:03:23,180: WARNING/MainProcess] done
[2023-04-04 23:03:27,394: WARNING/MainProcess] done
[2023-04-04 23:03:31,284: WARNING/MainProcess] done
[2023-04-04 23:03:31,331: INFO/MainProcess] Task tasks.sample_tasks.create_task[df14df29-7d52-43aa-a207-ff4a57175ee4] succeeded in 61.10899999999674s: 'static/resHAWEmwCSOZ.csv'
[2023-04-04 23:03:35,021: WARNING/MainProcess] done
[2023-04-04 23:03:38,720: WARNING/MainProcess] done
[2023-04-04 23:03:43,020: WARNING/MainProcess] done
[2023-04-04 23:03:47,501: WARNING/MainProcess] done
[2023-04-04 23:03:51,470: WARNING/MainProcess] done
[2023-04-04 23:03:55,885: WARNING/MainProcess] done
[2023-04-04 23:03:59,744: WARNING/MainProcess] done
[2023-04-04 23:03:59,764: WARNING/MainProcess]                      0                 1  ...                  5                   6
0             store_id  uptime_last_hour  ...  downtime_last_day  downtime_last_week
1  8419537941919820732                60  ...                0.0               115.0
2    54515546588432327                60  ...                0.0                50.0
3  8377465688456570187                60  ...                0.0                60.0
4  5955337179846162144                60  ...                0.0                45.0

[5 rows x 7 columns]
[2023-04-04 23:03:59,765: WARNING/MainProcess] Task Ended
[2023-04-04 23:04:00,504: INFO/MainProcess] Task tasks.sample_tasks.create_task[b5f088d3-56e5-4d67-8f1f-5dc753cb990d] received
[2023-04-04 23:04:00,765: INFO/MainProcess] Task tasks.sample_tasks.create_task[b42f306a-7db9-453e-a5fa-3b25abc8b19b] succeeded in 41.51600000000326s: 'static/resMWMTxgAqDD.csv'
[2023-04-04 23:04:01,045: WARNING/MainProcess] Task Started
[2023-04-04 23:04:05,409: WARNING/MainProcess] done
[2023-04-04 23:04:09,947: WARNING/MainProcess] done
[2023-04-04 23:04:09,947: INFO/MainProcess] Task tasks.sample_tasks.create_task[3031102c-60b3-4568-930d-8e8efa2a5653] received
[2023-04-04 23:04:14,973: WARNING/MainProcess] done
[2023-04-04 23:04:15,775: WARNING/MainProcess] Task Started
[2023-04-04 23:04:16,248: INFO/MainProcess] Task tasks.sample_tasks.create_task[07065d89-5a20-4e23-a75a-cc690cac7b46] received
[2023-04-04 23:04:19,618: WARNING/MainProcess] done
[2023-04-04 23:04:22,896: WARNING/MainProcess] done
[2023-04-04 23:04:27,153: WARNING/MainProcess] done
[2023-04-04 23:04:30,664: WARNING/MainProcess] done
[2023-04-04 23:04:34,831: WARNING/MainProcess] done
[2023-04-04 23:04:37,848: WARNING/MainProcess] done
[2023-04-04 23:04:38,740: WARNING/MainProcess] Task Started
[2023-04-04 23:04:42,354: WARNING/MainProcess] done
[2023-04-04 23:04:45,604: WARNING/MainProcess] done
[2023-04-04 23:04:49,214: WARNING/MainProcess] done
[2023-04-04 23:04:55,482: WARNING/MainProcess] done
[2023-04-04 23:04:58,580: WARNING/MainProcess] done
[2023-04-04 23:05:01,970: WARNING/MainProcess] done
[2023-04-04 23:05:06,455: WARNING/MainProcess] done
[2023-04-04 23:05:09,611: WARNING/MainProcess] done
[2023-04-04 23:05:12,674: WARNING/MainProcess] done
[2023-04-04 23:05:17,127: WARNING/MainProcess] done
[2023-04-04 23:05:20,377: WARNING/MainProcess] done
[2023-04-04 23:05:23,549: WARNING/MainProcess] done
[2023-04-04 23:05:23,580: WARNING/MainProcess]                      0                 1  ...                  5                   6
0             store_id  uptime_last_hour  ...  downtime_last_day  downtime_last_week
1  8419537941919820732                60  ...                0.0               115.0
2    54515546588432327                60  ...                0.0                50.0
3  8377465688456570187                60  ...                0.0                60.0
4  5955337179846162144                60  ...                0.0                45.0

[5 rows x 7 columns]
[2023-04-04 23:05:23,580: WARNING/MainProcess] Task Ended
[2023-04-04 23:05:27,605: WARNING/MainProcess] done
[2023-04-04 23:05:33,033: WARNING/MainProcess] done
[2023-04-04 23:05:37,756: WARNING/MainProcess] done
[2023-04-04 23:05:41,030: WARNING/MainProcess] done
[2023-04-04 23:05:41,030: INFO/MainProcess] Task tasks.sample_tasks.create_task[b5f088d3-56e5-4d67-8f1f-5dc753cb990d] succeeded in 99.98499999998603s: 'static/resILLcgLXClE.csv'
[2023-04-04 23:05:45,176: WARNING/MainProcess] done
[2023-04-04 23:05:49,200: WARNING/MainProcess] done
[2023-04-04 23:05:49,231: WARNING/MainProcess]                      0                 1  ...                  5                   6
0             store_id  uptime_last_hour  ...  downtime_last_day  downtime_last_week
1  8419537941919820732                60  ...                0.0               115.0
2    54515546588432327                60  ...                0.0                50.0
3  8377465688456570187                60  ...                0.0                60.0
4  5955337179846162144                60  ...                0.0                45.0

[5 rows x 7 columns]
[2023-04-04 23:05:49,231: WARNING/MainProcess] Task Ended
[2023-04-04 23:05:53,479: WARNING/MainProcess] done
[2023-04-04 23:05:57,140: WARNING/MainProcess] done
[2023-04-04 23:05:57,140: INFO/MainProcess] Task tasks.sample_tasks.create_task[3031102c-60b3-4568-930d-8e8efa2a5653] succeeded in 101.375s: 'static/resgbLfYhwCDH.csv'
[2023-04-04 23:06:01,348: WARNING/MainProcess] done
[2023-04-04 23:06:01,367: WARNING/MainProcess]                      0                 1  ...                  5                   6
0             store_id  uptime_last_hour  ...  downtime_last_day  downtime_last_week
1  8419537941919820732                60  ...                0.0               115.0
2    54515546588432327                60  ...                0.0                50.0
3  8377465688456570187                60  ...                0.0                60.0
4  5955337179846162144                60  ...                0.0                45.0

[5 rows x 7 columns]
[2023-04-04 23:06:01,367: WARNING/MainProcess] Task Ended
[2023-04-04 23:06:02,417: INFO/MainProcess] Task tasks.sample_tasks.create_task[07065d89-5a20-4e23-a75a-cc690cac7b46] succeeded in 83.67200000002049s: 'static/resFaqdhrGIRc.csv'
[2023-04-05 13:35:54,709: INFO/MainProcess] Connected to redis://default:**@containers-us-west-48.railway.app:7317//
[2023-04-05 13:35:55,487: INFO/MainProcess] mingle: searching for neighbors
[2023-04-05 13:36:01,081: INFO/MainProcess] mingle: sync with 1 nodes
[2023-04-05 13:36:01,081: INFO/MainProcess] mingle: sync complete
[2023-04-05 13:36:02,410: INFO/MainProcess] pidbox: Connected to redis://default:**@containers-us-west-48.railway.app:7317//.
[2023-04-05 13:36:04,305: WARNING/MainProcess] D:\django_test\django-celery\venv\lib\site-packages\celery\fixups\django.py:203: UserWarning: Using settings.DEBUG leads to a memory
            leak, never use this setting in production environments!
  warnings.warn('''Using settings.DEBUG leads to a memory

[2023-04-05 13:36:04,305: INFO/MainProcess] celery@DESKTOP-SENCPKV ready.
[2023-04-05 13:36:04,677: WARNING/MainProcess] Substantial drift from celery@railway may mean clocks are out of sync.  Current drift is 21599 seconds.  [orig: 2023-04-05 13:36:04.677255 recv: 2023-04-05 07:36:05.368725]
[2023-04-05 13:36:44,696: INFO/MainProcess] sync with celery@railway
[2023-04-05 13:37:16,815: INFO/MainProcess] sync with celery@railway
[2023-04-05 13:38:22,796: INFO/MainProcess] Task tasks.sample_tasks.create_task[249816dd-0540-4f8f-83f1-c650ce4214cc] received
[2023-04-05 13:38:22,796: WARNING/MainProcess] Task Started
[2023-04-05 13:38:48,077: WARNING/MainProcess]  Filename:store_status Total enties:986715  
[2023-04-05 13:38:52,902: WARNING/MainProcess] Inserted:0
[2023-04-05 13:38:54,982: WARNING/MainProcess] Inserted:50000
[2023-04-05 13:38:58,055: WARNING/MainProcess] Inserted:100000
[2023-04-05 13:39:00,430: WARNING/MainProcess] Inserted:150000
[2023-04-05 13:39:02,776: WARNING/MainProcess] Inserted:200000
[2023-04-05 13:39:05,891: WARNING/MainProcess] Inserted:250000
[2023-04-05 13:39:08,400: WARNING/MainProcess] Inserted:300000
[2023-04-05 13:39:11,292: WARNING/MainProcess] Inserted:350000
[2023-04-05 13:39:14,494: WARNING/MainProcess] Inserted:400000
[2023-04-05 13:39:18,439: WARNING/MainProcess] Inserted:450000
[2023-04-05 13:39:24,882: WARNING/MainProcess] Inserted:500000
[2023-04-05 13:39:27,200: WARNING/MainProcess] Inserted:550000
[2023-04-05 13:39:29,801: WARNING/MainProcess] Inserted:600000
[2023-04-05 13:39:32,083: WARNING/MainProcess] Inserted:650000
[2023-04-05 13:39:34,301: WARNING/MainProcess] Inserted:700000
[2023-04-05 13:39:37,133: WARNING/MainProcess] Inserted:750000
[2023-04-05 13:39:39,619: WARNING/MainProcess] Inserted:800000
[2023-04-05 13:39:43,439: WARNING/MainProcess] Inserted:850000
[2023-04-05 13:39:46,076: WARNING/MainProcess] Inserted:900000
[2023-04-05 13:39:48,099: WARNING/MainProcess] Inserted:950000
[2023-04-05 13:39:49,351: WARNING/MainProcess]  Filename:business_hours Total enties:86198  
[2023-04-05 13:39:51,735: WARNING/MainProcess] Inserted:0
[2023-04-05 13:39:53,592: WARNING/MainProcess] Inserted:50000
[2023-04-05 13:39:53,874: WARNING/MainProcess]  Filename:store_timezone Total enties:13559  
[2023-04-05 13:39:54,310: WARNING/MainProcess] Inserted:0
[2023-04-05 13:39:54,990: INFO/MainProcess] sync with celery@railway
[2023-04-05 13:39:55,411: INFO/MainProcess] Task tasks.sample_tasks.create_task[249816dd-0540-4f8f-83f1-c650ce4214cc] succeeded in 92.61000000000058s: 'loaded'
[2023-04-05 13:40:17,270: INFO/MainProcess] Task tasks.sample_tasks.create_task[4204574b-3fe0-40e9-8fa4-25036b1b40fe] received
[2023-04-05 13:40:17,270: WARNING/MainProcess] Task Started
[2023-04-05 13:40:19,340: WARNING/MainProcess] done
[2023-04-05 13:40:21,318: WARNING/MainProcess] done
[2023-04-05 13:40:23,223: WARNING/MainProcess] done
[2023-04-05 13:40:25,287: WARNING/MainProcess] done
[2023-04-05 13:40:27,548: WARNING/MainProcess] done
[2023-04-05 13:40:29,631: WARNING/MainProcess] done
[2023-04-05 13:40:32,276: WARNING/MainProcess] done
[2023-04-05 13:40:34,597: WARNING/MainProcess] done
[2023-04-05 13:40:36,519: WARNING/MainProcess] done
[2023-04-05 13:40:38,499: WARNING/MainProcess] done
[2023-04-05 13:40:40,684: WARNING/MainProcess] done
[2023-04-05 13:40:43,004: WARNING/MainProcess] done
[2023-04-05 13:40:45,168: WARNING/MainProcess] done
[2023-04-05 13:40:47,053: WARNING/MainProcess] done
[2023-04-05 13:40:49,108: WARNING/MainProcess] done
[2023-04-05 13:40:51,100: WARNING/MainProcess] done
[2023-04-05 13:40:52,921: WARNING/MainProcess] done
[2023-04-05 13:40:54,719: WARNING/MainProcess] done
[2023-04-05 13:40:56,783: WARNING/MainProcess] done
[2023-04-05 13:40:59,065: WARNING/MainProcess] done
[2023-04-05 13:41:00,992: WARNING/MainProcess] done
[2023-04-05 13:41:02,914: WARNING/MainProcess] done
[2023-04-05 13:41:04,818: WARNING/MainProcess] done
[2023-04-05 13:41:06,723: WARNING/MainProcess] done
[2023-04-05 13:41:08,520: WARNING/MainProcess] done
[2023-04-05 13:41:10,538: WARNING/MainProcess] done
[2023-04-05 13:41:12,321: WARNING/MainProcess] done
[2023-04-05 13:41:14,462: WARNING/MainProcess] done
[2023-04-05 13:41:16,540: WARNING/MainProcess] done
[2023-04-05 13:41:18,939: WARNING/MainProcess] done
[2023-04-05 13:41:21,309: WARNING/MainProcess] done
[2023-04-05 13:41:23,482: WARNING/MainProcess] done
[2023-04-05 13:41:25,555: WARNING/MainProcess] done
[2023-04-05 13:41:27,751: WARNING/MainProcess] done
[2023-04-05 13:41:30,205: WARNING/MainProcess] done
[2023-04-05 13:41:32,595: WARNING/MainProcess] done
[2023-04-05 13:41:34,976: WARNING/MainProcess] done
[2023-04-05 13:41:36,974: WARNING/MainProcess] done
[2023-04-05 13:41:39,139: WARNING/MainProcess] done
[2023-04-05 13:41:41,657: WARNING/MainProcess] done
[2023-04-05 13:41:44,029: WARNING/MainProcess] done
[2023-04-05 13:41:46,600: WARNING/MainProcess] done
[2023-04-05 13:41:48,784: WARNING/MainProcess] done
[2023-04-05 13:41:51,018: WARNING/MainProcess] done
[2023-04-05 13:41:53,412: WARNING/MainProcess] done
[2023-04-05 13:41:55,649: WARNING/MainProcess] done
[2023-04-05 13:41:57,554: WARNING/MainProcess] done
[2023-04-05 13:41:59,743: WARNING/MainProcess] done
[2023-04-05 13:42:01,660: WARNING/MainProcess] done
[2023-04-05 13:42:03,588: WARNING/MainProcess] done
[2023-04-05 13:42:06,875: WARNING/MainProcess] done
[2023-04-05 13:42:10,110: WARNING/MainProcess] done
[2023-04-05 13:42:12,725: WARNING/MainProcess] done
[2023-04-05 13:42:15,071: WARNING/MainProcess] done
[2023-04-05 13:42:17,289: WARNING/MainProcess] done
[2023-04-05 13:42:19,637: WARNING/MainProcess] done
[2023-04-05 13:42:22,061: WARNING/MainProcess] done
[2023-04-05 13:42:24,048: WARNING/MainProcess] done
[2023-04-05 13:42:26,036: WARNING/MainProcess] done
[2023-04-05 13:42:28,061: WARNING/MainProcess] done
[2023-04-05 13:42:29,961: WARNING/MainProcess] done
[2023-04-05 13:42:32,364: WARNING/MainProcess] done
[2023-04-05 13:42:34,391: WARNING/MainProcess] done
[2023-04-05 13:42:36,483: WARNING/MainProcess] done
[2023-04-05 13:42:38,311: WARNING/MainProcess] done
[2023-04-05 13:42:40,192: WARNING/MainProcess] done
[2023-04-05 13:42:41,995: WARNING/MainProcess] done
[2023-04-05 13:42:43,807: WARNING/MainProcess] done
[2023-04-05 13:42:45,686: WARNING/MainProcess] done
[2023-04-05 13:42:47,728: WARNING/MainProcess] done
[2023-04-05 13:42:49,509: WARNING/MainProcess] done
[2023-04-05 13:42:52,445: WARNING/MainProcess] done
[2023-04-05 13:42:54,697: WARNING/MainProcess] done
[2023-04-05 13:42:56,791: WARNING/MainProcess] done
[2023-04-05 13:42:58,997: WARNING/MainProcess] done
[2023-04-05 13:43:01,041: WARNING/MainProcess] done
[2023-04-05 13:43:02,990: WARNING/MainProcess] done
[2023-04-05 13:43:04,822: WARNING/MainProcess] done
[2023-04-05 13:43:06,854: WARNING/MainProcess] done
[2023-04-05 13:43:09,323: WARNING/MainProcess] done
[2023-04-05 13:43:11,142: WARNING/MainProcess] done
[2023-04-05 13:43:13,227: WARNING/MainProcess] done
[2023-04-05 13:43:15,245: WARNING/MainProcess] done
[2023-04-05 13:43:17,380: WARNING/MainProcess] done
[2023-04-05 13:43:19,464: WARNING/MainProcess] done
[2023-04-05 13:43:21,617: WARNING/MainProcess] done
[2023-04-05 13:43:23,479: WARNING/MainProcess] done
[2023-04-05 13:43:25,735: WARNING/MainProcess] done
[2023-04-05 13:43:27,873: WARNING/MainProcess] done
[2023-04-05 13:43:30,065: WARNING/MainProcess] done
[2023-04-05 13:43:32,052: WARNING/MainProcess] done
[2023-04-05 13:43:34,218: WARNING/MainProcess] done
[2023-04-05 13:43:36,236: WARNING/MainProcess] done
[2023-04-05 13:43:38,286: WARNING/MainProcess] done
[2023-04-05 13:43:40,532: WARNING/MainProcess] done
[2023-04-05 13:43:43,032: WARNING/MainProcess] done
[2023-04-05 13:43:45,526: WARNING/MainProcess] done
[2023-04-05 13:43:48,102: WARNING/MainProcess] done
[2023-04-05 13:43:50,342: WARNING/MainProcess] done
[2023-04-05 13:43:52,677: WARNING/MainProcess] done
[2023-04-05 13:43:54,901: WARNING/MainProcess] done
[2023-04-05 13:43:57,945: WARNING/MainProcess] done
[2023-04-05 13:44:00,626: WARNING/MainProcess] done
[2023-04-05 13:44:05,116: WARNING/MainProcess] done
[2023-04-05 13:44:07,749: WARNING/MainProcess] done
[2023-04-05 13:44:12,226: WARNING/MainProcess] done
[2023-04-05 13:44:15,173: WARNING/MainProcess] done
[2023-04-05 13:44:17,296: WARNING/MainProcess] done
[2023-04-05 13:44:19,586: WARNING/MainProcess] done
[2023-04-05 13:44:22,496: WARNING/MainProcess] done
[2023-04-05 13:44:36,190: WARNING/MainProcess] done
[2023-04-05 13:44:38,085: WARNING/MainProcess] done
[2023-04-05 13:44:39,960: WARNING/MainProcess] done
[2023-04-05 13:44:41,890: WARNING/MainProcess] done
[2023-04-05 13:44:43,811: WARNING/MainProcess] done
[2023-04-05 13:44:45,835: WARNING/MainProcess] done
[2023-04-05 13:44:47,701: WARNING/MainProcess] done
[2023-04-05 13:44:49,555: WARNING/MainProcess] done
[2023-04-05 13:44:51,305: WARNING/MainProcess] done
[2023-04-05 13:44:53,158: WARNING/MainProcess] done
[2023-04-05 13:44:55,415: WARNING/MainProcess] done
[2023-04-05 13:44:58,670: WARNING/MainProcess] done
[2023-04-05 13:45:00,633: WARNING/MainProcess] done
[2023-04-05 13:45:02,531: WARNING/MainProcess] done
[2023-04-05 13:45:04,577: WARNING/MainProcess] done
[2023-04-05 13:45:06,637: WARNING/MainProcess] done
[2023-04-05 13:45:09,055: WARNING/MainProcess] done
[2023-04-05 13:45:11,250: WARNING/MainProcess] done
[2023-04-05 13:45:13,424: WARNING/MainProcess] done
[2023-04-05 13:45:16,016: WARNING/MainProcess] done
[2023-04-05 13:45:18,292: WARNING/MainProcess] done
[2023-04-05 13:45:20,204: WARNING/MainProcess] done
[2023-04-05 13:45:22,153: WARNING/MainProcess] done
[2023-04-05 13:45:24,157: WARNING/MainProcess] done
[2023-04-05 13:45:26,499: WARNING/MainProcess] done
[2023-04-05 13:45:28,543: WARNING/MainProcess] done
[2023-04-05 13:45:30,505: WARNING/MainProcess] done
[2023-04-05 13:45:32,773: WARNING/MainProcess] done
[2023-04-05 13:45:35,006: WARNING/MainProcess] done
[2023-04-05 13:45:37,286: WARNING/MainProcess] done
[2023-04-05 13:45:39,288: WARNING/MainProcess] done
[2023-04-05 13:45:41,256: WARNING/MainProcess] done
[2023-04-05 13:45:43,121: WARNING/MainProcess] done
[2023-04-05 13:45:45,031: WARNING/MainProcess] done
[2023-04-05 13:45:46,859: WARNING/MainProcess] done
[2023-04-05 13:45:48,787: WARNING/MainProcess] done
[2023-04-05 13:45:50,687: WARNING/MainProcess] done
[2023-04-05 13:45:52,531: WARNING/MainProcess] done
[2023-04-05 13:45:54,365: WARNING/MainProcess] done
[2023-04-05 13:45:56,267: WARNING/MainProcess] done
[2023-04-05 13:45:58,017: WARNING/MainProcess] done
[2023-04-05 13:46:00,148: WARNING/MainProcess] done
[2023-04-05 13:46:01,999: WARNING/MainProcess] done
[2023-04-05 13:46:03,812: WARNING/MainProcess] done
[2023-04-05 13:46:05,686: WARNING/MainProcess] done
[2023-04-05 13:46:07,553: WARNING/MainProcess] done
[2023-04-05 13:46:09,517: WARNING/MainProcess] done
[2023-04-05 13:46:11,303: WARNING/MainProcess] done
[2023-04-05 13:46:13,159: WARNING/MainProcess] done
[2023-04-05 13:46:14,989: WARNING/MainProcess] done
[2023-04-05 13:46:16,902: WARNING/MainProcess] done
[2023-04-05 13:46:18,679: WARNING/MainProcess] done
[2023-04-05 13:46:20,491: WARNING/MainProcess] done
[2023-04-05 13:46:22,300: WARNING/MainProcess] done
[2023-04-05 13:46:24,145: WARNING/MainProcess] done
[2023-04-05 13:46:26,004: WARNING/MainProcess] done
[2023-04-05 13:46:27,819: WARNING/MainProcess] done
[2023-04-05 13:46:29,622: WARNING/MainProcess] done
[2023-04-05 13:46:31,434: WARNING/MainProcess] done
[2023-04-05 13:46:33,403: WARNING/MainProcess] done
[2023-04-05 13:46:35,215: WARNING/MainProcess] done
[2023-04-05 13:46:37,128: WARNING/MainProcess] done
[2023-04-05 13:46:38,972: WARNING/MainProcess] done
[2023-04-05 13:46:40,769: WARNING/MainProcess] done
[2023-04-05 13:46:42,519: WARNING/MainProcess] done
[2023-04-05 13:46:44,420: WARNING/MainProcess] done
[2023-04-05 13:46:46,218: WARNING/MainProcess] done
[2023-04-05 13:46:48,109: WARNING/MainProcess] done
[2023-04-05 13:46:49,892: WARNING/MainProcess] done
[2023-04-05 13:46:51,752: WARNING/MainProcess] done
[2023-04-05 13:46:53,577: WARNING/MainProcess] done
[2023-04-05 13:46:55,413: WARNING/MainProcess] done
[2023-04-05 13:46:57,288: WARNING/MainProcess] done
[2023-04-05 13:46:59,069: WARNING/MainProcess] done
[2023-04-05 13:47:00,924: WARNING/MainProcess] done
[2023-04-05 13:47:02,690: WARNING/MainProcess] done
[2023-04-05 13:47:04,653: WARNING/MainProcess] done
[2023-04-05 13:47:06,371: WARNING/MainProcess] done
[2023-04-05 13:47:08,214: WARNING/MainProcess] done
[2023-04-05 13:47:10,237: WARNING/MainProcess] done
[2023-04-05 13:47:12,128: WARNING/MainProcess] done
[2023-04-05 13:47:13,909: WARNING/MainProcess] done
[2023-04-05 13:47:16,126: WARNING/MainProcess] done
[2023-04-05 13:47:17,900: WARNING/MainProcess] done
[2023-04-05 13:47:19,713: WARNING/MainProcess] done
[2023-04-05 13:47:21,555: WARNING/MainProcess] done
[2023-04-05 13:47:23,298: WARNING/MainProcess] done
[2023-04-05 13:47:25,157: WARNING/MainProcess] done
[2023-04-05 13:47:27,101: WARNING/MainProcess] done
[2023-04-05 13:47:29,013: WARNING/MainProcess] done
[2023-04-05 13:47:31,200: WARNING/MainProcess] done
[2023-04-05 13:47:33,215: WARNING/MainProcess] done
[2023-04-05 13:47:35,281: WARNING/MainProcess] done
[2023-04-05 13:47:37,214: WARNING/MainProcess] done
[2023-04-05 13:47:39,198: WARNING/MainProcess] done
[2023-04-05 13:47:41,407: WARNING/MainProcess] done
[2023-04-05 13:47:43,529: WARNING/MainProcess] done
[2023-04-05 13:47:45,812: WARNING/MainProcess] done
[2023-04-05 13:47:48,208: WARNING/MainProcess] done
[2023-04-05 13:47:50,114: WARNING/MainProcess] done
[2023-04-05 13:47:52,539: WARNING/MainProcess] done
[2023-04-05 13:47:54,440: WARNING/MainProcess] done
[2023-04-05 13:47:56,273: WARNING/MainProcess] done
[2023-04-05 13:47:58,492: WARNING/MainProcess] done
[2023-04-05 13:48:00,376: WARNING/MainProcess] done
[2023-04-05 13:48:02,276: WARNING/MainProcess] done
[2023-04-05 13:48:04,105: WARNING/MainProcess] done
[2023-04-05 13:48:06,129: WARNING/MainProcess] done
[2023-04-05 13:48:07,956: WARNING/MainProcess] done
[2023-04-05 13:48:09,841: WARNING/MainProcess] done
[2023-04-05 13:48:11,649: WARNING/MainProcess] done
[2023-04-05 13:48:13,608: WARNING/MainProcess] done
[2023-04-05 13:48:15,390: WARNING/MainProcess] done
[2023-04-05 13:48:17,384: WARNING/MainProcess] done
[2023-04-05 13:48:19,170: WARNING/MainProcess] done
[2023-04-05 13:48:21,205: WARNING/MainProcess] done
[2023-04-05 13:48:22,953: WARNING/MainProcess] done
[2023-04-05 13:48:24,709: WARNING/MainProcess] done
[2023-04-05 13:48:26,548: WARNING/MainProcess] done
[2023-04-05 13:48:28,395: WARNING/MainProcess] done
[2023-04-05 13:48:30,278: WARNING/MainProcess] done
[2023-04-05 13:48:32,168: WARNING/MainProcess] done
[2023-04-05 13:48:34,094: WARNING/MainProcess] done
[2023-04-05 13:48:36,152: WARNING/MainProcess] done
[2023-04-05 13:48:38,014: WARNING/MainProcess] done
[2023-04-05 13:48:39,771: WARNING/MainProcess] done
[2023-04-05 13:48:41,574: WARNING/MainProcess] done
[2023-04-05 13:48:43,344: WARNING/MainProcess] done
[2023-04-05 13:48:45,194: WARNING/MainProcess] done
[2023-04-05 13:48:46,897: WARNING/MainProcess] done
[2023-04-05 13:48:48,752: WARNING/MainProcess] done
[2023-04-05 13:48:50,549: WARNING/MainProcess] done
[2023-04-05 13:48:52,390: WARNING/MainProcess] done
[2023-04-05 13:48:54,235: WARNING/MainProcess] done
[2023-04-05 13:48:56,021: WARNING/MainProcess] done
[2023-04-05 13:48:57,880: WARNING/MainProcess] done
[2023-04-05 13:48:59,827: WARNING/MainProcess] done
[2023-04-05 13:49:01,747: WARNING/MainProcess] done
[2023-04-05 13:49:03,528: WARNING/MainProcess] done
[2023-04-05 13:49:05,558: WARNING/MainProcess] done
[2023-04-05 13:49:07,317: WARNING/MainProcess] done
[2023-04-05 13:49:09,239: WARNING/MainProcess] done
[2023-04-05 13:49:11,305: WARNING/MainProcess] done
[2023-04-05 13:49:13,188: WARNING/MainProcess] done
[2023-04-05 13:49:14,948: WARNING/MainProcess] done
[2023-04-05 13:49:16,797: WARNING/MainProcess] done
[2023-04-05 13:49:18,603: WARNING/MainProcess] done
[2023-04-05 13:49:20,477: WARNING/MainProcess] done
[2023-04-05 13:49:22,727: WARNING/MainProcess] done
[2023-04-05 13:49:24,523: WARNING/MainProcess] done
[2023-04-05 13:49:26,310: WARNING/MainProcess] done
[2023-04-05 13:49:28,138: WARNING/MainProcess] done
[2023-04-05 13:49:29,863: WARNING/MainProcess] done
[2023-04-05 13:49:31,725: WARNING/MainProcess] done
[2023-04-05 13:49:33,521: WARNING/MainProcess] done
[2023-04-05 13:49:35,325: WARNING/MainProcess] done
[2023-04-05 13:49:37,072: WARNING/MainProcess] done
[2023-04-05 13:49:38,853: WARNING/MainProcess] done
[2023-04-05 13:49:40,974: WARNING/MainProcess] done
[2023-04-05 13:49:42,958: WARNING/MainProcess] done
[2023-04-05 13:49:44,809: WARNING/MainProcess] done
[2023-04-05 13:49:46,639: WARNING/MainProcess] done
[2023-04-05 13:49:48,467: WARNING/MainProcess] done
[2023-04-05 13:49:50,358: WARNING/MainProcess] done
[2023-04-05 13:49:52,315: WARNING/MainProcess] done
[2023-04-05 13:49:54,096: WARNING/MainProcess] done
[2023-04-05 13:49:55,982: WARNING/MainProcess] done
[2023-04-05 13:49:58,017: WARNING/MainProcess] done
[2023-04-05 13:49:59,830: WARNING/MainProcess] done
[2023-04-05 13:50:01,653: WARNING/MainProcess] done
[2023-04-05 13:50:03,671: WARNING/MainProcess] done
[2023-04-05 13:50:05,639: WARNING/MainProcess] done
[2023-04-05 13:50:07,536: WARNING/MainProcess] done
[2023-04-05 13:50:09,498: WARNING/MainProcess] done
[2023-04-05 13:50:11,623: WARNING/MainProcess] done
[2023-04-05 13:50:13,744: WARNING/MainProcess] done
[2023-04-05 13:50:15,776: WARNING/MainProcess] done
[2023-04-05 13:50:17,571: WARNING/MainProcess] done
[2023-04-05 13:50:19,602: WARNING/MainProcess] done
[2023-04-05 13:50:21,559: WARNING/MainProcess] done
[2023-04-05 13:50:23,495: WARNING/MainProcess] done
[2023-04-05 13:50:25,354: WARNING/MainProcess] done
[2023-04-05 13:50:27,295: WARNING/MainProcess] done
[2023-04-05 13:50:29,145: WARNING/MainProcess] done
[2023-04-05 13:50:31,051: WARNING/MainProcess] done
[2023-04-05 13:50:32,888: WARNING/MainProcess] done
[2023-04-05 13:50:34,647: WARNING/MainProcess] done
[2023-04-05 13:50:36,475: WARNING/MainProcess] done
[2023-04-05 13:50:38,264: WARNING/MainProcess] done
[2023-04-05 13:50:40,137: WARNING/MainProcess] done
[2023-04-05 13:50:41,965: WARNING/MainProcess] done
[2023-04-05 13:50:43,816: WARNING/MainProcess] done
[2023-04-05 13:50:45,546: WARNING/MainProcess] done
[2023-04-05 13:50:47,452: WARNING/MainProcess] done
[2023-04-05 13:50:47,655: INFO/MainProcess] missed heartbeat from celery@railway
[2023-04-05 13:50:49,278: WARNING/MainProcess] done
[2023-04-05 13:50:51,091: WARNING/MainProcess] done
[2023-04-05 13:50:52,945: WARNING/MainProcess] done
[2023-04-05 13:50:54,828: WARNING/MainProcess] done
[2023-04-05 13:50:56,703: WARNING/MainProcess] done
[2023-04-05 13:50:58,482: WARNING/MainProcess] done
[2023-04-05 13:51:00,395: WARNING/MainProcess] done
[2023-04-05 13:51:02,161: WARNING/MainProcess] done
[2023-04-05 13:51:03,932: WARNING/MainProcess] done
[2023-04-05 13:51:05,663: WARNING/MainProcess] done
[2023-04-05 13:51:07,575: WARNING/MainProcess] done
[2023-04-05 13:51:09,348: WARNING/MainProcess] done
[2023-04-05 13:51:11,051: WARNING/MainProcess] done
[2023-04-05 13:51:13,238: WARNING/MainProcess] done
[2023-04-05 13:51:15,180: WARNING/MainProcess] done
[2023-04-05 13:51:16,962: WARNING/MainProcess] done
[2023-04-05 13:51:18,821: WARNING/MainProcess] done
[2023-04-05 13:51:20,570: WARNING/MainProcess] done
[2023-04-05 13:51:22,336: WARNING/MainProcess] done
[2023-04-05 13:51:24,277: WARNING/MainProcess] done
[2023-04-05 13:51:26,011: WARNING/MainProcess] done
[2023-04-05 13:51:27,823: WARNING/MainProcess] done
[2023-04-05 13:51:29,614: WARNING/MainProcess] done
[2023-04-05 13:51:31,489: WARNING/MainProcess] done
[2023-04-05 13:51:33,474: WARNING/MainProcess] done
[2023-04-05 13:51:35,363: WARNING/MainProcess] done
[2023-04-05 13:51:37,159: WARNING/MainProcess] done
[2023-04-05 13:51:39,035: WARNING/MainProcess] done
[2023-04-05 13:51:40,876: WARNING/MainProcess] done
[2023-04-05 13:51:42,642: WARNING/MainProcess] done
[2023-04-05 13:51:44,539: WARNING/MainProcess] done
[2023-04-05 13:51:46,313: WARNING/MainProcess] done
[2023-04-05 13:51:48,125: WARNING/MainProcess] done
[2023-04-05 13:51:49,985: WARNING/MainProcess] done
[2023-04-05 13:51:51,998: WARNING/MainProcess] done
[2023-04-05 13:51:53,716: WARNING/MainProcess] done
[2023-04-05 13:51:55,635: WARNING/MainProcess] done
[2023-04-05 13:51:57,496: WARNING/MainProcess] done
[2023-04-05 13:51:59,309: WARNING/MainProcess] done
[2023-04-05 13:52:01,151: WARNING/MainProcess] done
[2023-04-05 13:52:02,964: WARNING/MainProcess] done
[2023-04-05 13:52:04,836: WARNING/MainProcess] done
[2023-04-05 13:52:06,586: WARNING/MainProcess] done
[2023-04-05 13:52:08,414: WARNING/MainProcess] done
[2023-04-05 13:52:10,288: WARNING/MainProcess] done
[2023-04-05 13:52:12,085: WARNING/MainProcess] done
[2023-04-05 13:52:14,069: WARNING/MainProcess] done
[2023-04-05 13:52:15,940: WARNING/MainProcess] done
[2023-04-05 13:52:17,737: WARNING/MainProcess] done
[2023-04-05 13:52:19,654: WARNING/MainProcess] done
[2023-04-05 13:52:21,483: WARNING/MainProcess] done
[2023-04-05 13:52:23,311: WARNING/MainProcess] done
[2023-04-05 13:52:25,092: WARNING/MainProcess] done
[2023-04-05 13:52:26,898: WARNING/MainProcess] done
[2023-04-05 13:52:28,742: WARNING/MainProcess] done
[2023-04-05 13:52:30,537: WARNING/MainProcess] done
[2023-04-05 13:52:32,340: WARNING/MainProcess] done
[2023-04-05 13:52:34,199: WARNING/MainProcess] done
[2023-04-05 13:52:36,212: WARNING/MainProcess] done
[2023-04-05 13:52:38,032: WARNING/MainProcess] done
[2023-04-05 13:52:39,860: WARNING/MainProcess] done
[2023-04-05 13:52:41,716: WARNING/MainProcess] done
[2023-04-05 13:52:43,711: WARNING/MainProcess] done
[2023-04-05 13:52:45,508: WARNING/MainProcess] done
[2023-04-05 13:52:47,455: WARNING/MainProcess] done
[2023-04-05 13:52:49,188: WARNING/MainProcess] done
[2023-04-05 13:52:50,860: WARNING/MainProcess] done
[2023-04-05 13:52:52,712: WARNING/MainProcess] done
[2023-04-05 13:52:54,447: WARNING/MainProcess] done
[2023-04-05 13:52:56,279: WARNING/MainProcess] done
[2023-04-05 13:52:58,022: WARNING/MainProcess] done
[2023-04-05 13:52:59,725: WARNING/MainProcess] done
[2023-04-05 13:53:01,716: WARNING/MainProcess] done
[2023-04-05 13:53:03,609: WARNING/MainProcess] done
[2023-04-05 13:53:05,421: WARNING/MainProcess] done
[2023-04-05 13:53:07,181: WARNING/MainProcess] done
[2023-04-05 13:53:09,084: WARNING/MainProcess] done
[2023-04-05 13:53:10,897: WARNING/MainProcess] done
[2023-04-05 13:53:12,725: WARNING/MainProcess] done
[2023-04-05 13:53:14,663: WARNING/MainProcess] done
[2023-04-05 13:53:16,538: WARNING/MainProcess] done
[2023-04-05 13:53:18,331: WARNING/MainProcess] done
[2023-04-05 13:53:20,175: WARNING/MainProcess] done
[2023-04-05 13:53:22,030: WARNING/MainProcess] done
[2023-04-05 13:53:23,951: WARNING/MainProcess] done
[2023-04-05 13:53:25,654: WARNING/MainProcess] done
[2023-04-05 13:53:27,628: WARNING/MainProcess] done
[2023-04-05 13:53:29,519: WARNING/MainProcess] done
[2023-04-05 13:53:37,913: WARNING/MainProcess] done
[2023-04-05 13:53:39,766: WARNING/MainProcess] done
[2023-04-05 13:53:41,600: WARNING/MainProcess] done
[2023-04-05 13:53:43,616: WARNING/MainProcess] done
[2023-04-05 13:53:45,481: WARNING/MainProcess] done
[2023-04-05 13:53:47,318: WARNING/MainProcess] done
[2023-04-05 13:53:49,177: WARNING/MainProcess] done
[2023-04-05 13:53:50,991: WARNING/MainProcess] done
[2023-04-05 13:53:52,851: WARNING/MainProcess] done
[2023-04-05 13:53:54,649: WARNING/MainProcess] done
[2023-04-05 13:53:56,461: WARNING/MainProcess] done
[2023-04-05 13:53:58,215: WARNING/MainProcess] done
[2023-04-05 13:53:59,980: WARNING/MainProcess] done
[2023-04-05 13:54:01,843: WARNING/MainProcess] done
[2023-04-05 13:54:03,640: WARNING/MainProcess] done
[2023-04-05 13:54:05,561: WARNING/MainProcess] done
[2023-04-05 13:54:07,344: WARNING/MainProcess] done
[2023-04-05 13:54:09,182: WARNING/MainProcess] done
[2023-04-05 13:54:10,917: WARNING/MainProcess] done
[2023-04-05 13:54:12,773: WARNING/MainProcess] done
[2023-04-05 13:54:14,711: WARNING/MainProcess] done
[2023-04-05 13:54:16,570: WARNING/MainProcess] done
[2023-04-05 13:54:18,359: WARNING/MainProcess] done
[2023-04-05 13:54:20,203: WARNING/MainProcess] done
[2023-04-05 13:54:22,093: WARNING/MainProcess] done
[2023-04-05 13:54:22,296: INFO/MainProcess] missed heartbeat from celery@railway
[2023-04-05 13:54:23,883: WARNING/MainProcess] done
[2023-04-05 13:54:25,685: WARNING/MainProcess] done
[2023-04-05 13:54:27,487: WARNING/MainProcess] done
[2023-04-05 13:54:29,363: WARNING/MainProcess] done
[2023-04-05 13:54:31,159: WARNING/MainProcess] done
[2023-04-05 13:54:33,315: WARNING/MainProcess] done
[2023-04-05 13:54:35,099: WARNING/MainProcess] done
[2023-04-05 13:54:36,943: WARNING/MainProcess] done
[2023-04-05 13:54:38,724: WARNING/MainProcess] done
[2023-04-05 13:54:40,594: WARNING/MainProcess] done
[2023-04-05 13:54:42,344: WARNING/MainProcess] done
[2023-04-05 13:54:44,212: WARNING/MainProcess] done
[2023-04-05 13:54:46,081: WARNING/MainProcess] done
[2023-04-05 13:54:48,277: WARNING/MainProcess] done
[2023-04-05 13:54:50,042: WARNING/MainProcess] done
[2023-04-05 13:54:51,839: WARNING/MainProcess] done
[2023-04-05 13:54:53,623: WARNING/MainProcess] done
[2023-04-05 13:54:55,388: WARNING/MainProcess] done
[2023-04-05 13:54:57,270: WARNING/MainProcess] done
[2023-04-05 13:54:59,002: WARNING/MainProcess] done
[2023-04-05 13:55:00,922: WARNING/MainProcess] done
[2023-04-05 13:55:02,676: WARNING/MainProcess] done
[2023-04-05 13:55:04,574: WARNING/MainProcess] done
[2023-04-05 13:55:06,457: WARNING/MainProcess] done
[2023-04-05 13:55:08,278: WARNING/MainProcess] done
[2023-04-05 13:55:10,020: WARNING/MainProcess] done
[2023-04-05 13:55:11,814: WARNING/MainProcess] done
[2023-04-05 13:55:13,676: WARNING/MainProcess] done
[2023-04-05 13:55:15,748: WARNING/MainProcess] done
[2023-04-05 13:55:17,545: WARNING/MainProcess] done
[2023-04-05 13:55:19,541: WARNING/MainProcess] done
[2023-04-05 13:55:21,353: WARNING/MainProcess] done
[2023-04-05 13:55:23,152: WARNING/MainProcess] done
[2023-04-05 13:55:25,003: WARNING/MainProcess] done
[2023-04-05 13:55:26,771: WARNING/MainProcess] done
[2023-04-05 13:55:28,615: WARNING/MainProcess] done
[2023-04-05 13:55:30,433: WARNING/MainProcess] done
[2023-04-05 13:55:32,306: WARNING/MainProcess] done
[2023-04-05 13:55:34,087: WARNING/MainProcess] done
[2023-04-05 13:55:35,855: WARNING/MainProcess] done
[2023-04-05 13:55:37,657: WARNING/MainProcess] done
[2023-04-05 13:55:39,504: WARNING/MainProcess] done
[2023-04-05 13:55:41,368: WARNING/MainProcess] done
[2023-04-05 13:55:43,125: WARNING/MainProcess] done
[2023-04-05 13:55:44,939: WARNING/MainProcess] done
[2023-04-05 13:55:46,722: WARNING/MainProcess] done
[2023-04-05 13:55:48,644: WARNING/MainProcess] done
[2023-04-05 13:55:50,533: WARNING/MainProcess] done
[2023-04-05 13:55:52,484: WARNING/MainProcess] done
[2023-04-05 13:55:54,297: WARNING/MainProcess] done
[2023-04-05 13:55:56,159: WARNING/MainProcess] done
[2023-04-05 13:55:57,873: WARNING/MainProcess] done
[2023-04-05 13:55:59,654: WARNING/MainProcess] done
[2023-04-05 13:56:01,519: WARNING/MainProcess] done
[2023-04-05 13:56:03,300: WARNING/MainProcess] done
[2023-04-05 13:56:05,220: WARNING/MainProcess] done
[2023-04-05 13:56:07,000: WARNING/MainProcess] done
[2023-04-05 13:56:08,860: WARNING/MainProcess] done
[2023-04-05 13:56:10,711: WARNING/MainProcess] done
[2023-04-05 13:56:12,566: WARNING/MainProcess] done
[2023-04-05 13:56:14,300: WARNING/MainProcess] done
[2023-04-05 13:56:16,329: WARNING/MainProcess] done
[2023-04-05 13:56:18,080: WARNING/MainProcess] done
[2023-04-05 13:56:19,940: WARNING/MainProcess] done
[2023-04-05 13:56:21,769: WARNING/MainProcess] done
[2023-04-05 13:56:23,599: WARNING/MainProcess] done
[2023-04-05 13:56:25,440: WARNING/MainProcess] done
[2023-04-05 13:56:27,199: WARNING/MainProcess] done
[2023-04-05 13:56:29,009: WARNING/MainProcess] done
[2023-04-05 13:56:30,832: WARNING/MainProcess] done
[2023-04-05 13:56:32,636: WARNING/MainProcess] done
[2023-04-05 13:56:34,433: WARNING/MainProcess] done
[2023-04-05 13:56:36,361: WARNING/MainProcess] done
[2023-04-05 13:56:38,121: WARNING/MainProcess] done
[2023-04-05 13:56:39,902: WARNING/MainProcess] done
[2023-04-05 13:56:41,779: WARNING/MainProcess] done
[2023-04-05 13:56:43,542: WARNING/MainProcess] done
[2023-04-05 13:56:45,370: WARNING/MainProcess] done
[2023-04-05 13:56:47,201: WARNING/MainProcess] done
[2023-04-05 13:56:49,029: WARNING/MainProcess] done
[2023-04-05 13:56:50,897: WARNING/MainProcess] done
[2023-04-05 13:56:52,671: WARNING/MainProcess] done
[2023-04-05 13:56:54,453: WARNING/MainProcess] done
[2023-04-05 13:56:56,248: WARNING/MainProcess] done
[2023-04-05 13:56:58,216: WARNING/MainProcess] done
[2023-04-05 13:57:00,091: WARNING/MainProcess] done
[2023-04-05 13:57:01,906: WARNING/MainProcess] done
[2023-04-05 13:57:03,741: WARNING/MainProcess] done
[2023-04-05 13:57:05,616: WARNING/MainProcess] done
[2023-04-05 13:57:07,475: WARNING/MainProcess] done
[2023-04-05 13:57:09,304: WARNING/MainProcess] done
[2023-04-05 13:57:11,072: WARNING/MainProcess] done
[2023-04-05 13:57:13,116: WARNING/MainProcess] done
[2023-04-05 13:57:15,497: WARNING/MainProcess] done
[2023-04-05 13:57:17,793: WARNING/MainProcess] done
[2023-04-05 13:57:19,677: WARNING/MainProcess] done
[2023-04-05 13:57:21,438: WARNING/MainProcess] done
[2023-04-05 13:57:23,229: WARNING/MainProcess] done
[2023-04-05 13:57:25,011: WARNING/MainProcess] done
[2023-04-05 13:57:26,823: WARNING/MainProcess] done
[2023-04-05 13:57:28,542: WARNING/MainProcess] done
[2023-04-05 13:57:30,261: WARNING/MainProcess] done
[2023-04-05 13:57:32,154: WARNING/MainProcess] done
[2023-04-05 13:57:33,894: WARNING/MainProcess] done
[2023-04-05 13:57:35,754: WARNING/MainProcess] done
[2023-04-05 13:57:37,521: WARNING/MainProcess] done
[2023-04-05 13:57:39,275: WARNING/MainProcess] done
[2023-04-05 13:57:41,056: WARNING/MainProcess] done
[2023-04-05 13:57:42,766: WARNING/MainProcess] done
[2023-04-05 13:57:44,594: WARNING/MainProcess] done
[2023-04-05 13:57:46,375: WARNING/MainProcess] done
[2023-04-05 13:57:48,203: WARNING/MainProcess] done
[2023-04-05 13:57:49,968: WARNING/MainProcess] done
[2023-04-05 13:57:51,736: WARNING/MainProcess] done
[2023-04-05 13:57:53,674: WARNING/MainProcess] done
[2023-04-05 13:57:55,486: WARNING/MainProcess] done
[2023-04-05 13:57:57,349: WARNING/MainProcess] done
[2023-04-05 13:57:59,091: WARNING/MainProcess] done
[2023-04-05 13:58:00,919: WARNING/MainProcess] done
[2023-04-05 13:58:03,772: WARNING/MainProcess] done
[2023-04-05 13:58:06,097: WARNING/MainProcess] done
[2023-04-05 13:58:07,880: WARNING/MainProcess] done
[2023-04-05 13:58:09,710: WARNING/MainProcess] done
[2023-04-05 13:58:11,438: WARNING/MainProcess] done
[2023-04-05 13:58:13,290: WARNING/MainProcess] done
[2023-04-05 13:58:15,071: WARNING/MainProcess] done
[2023-04-05 13:58:16,903: WARNING/MainProcess] done
[2023-04-05 13:58:18,924: WARNING/MainProcess] done
[2023-04-05 13:58:20,674: WARNING/MainProcess] done
[2023-04-05 13:58:22,531: WARNING/MainProcess] done
[2023-04-05 13:58:24,281: WARNING/MainProcess] done
[2023-04-05 13:58:26,158: WARNING/MainProcess] done
[2023-04-05 13:58:27,908: WARNING/MainProcess] done
[2023-04-05 13:58:29,674: WARNING/MainProcess] done
[2023-04-05 13:58:31,515: WARNING/MainProcess] done
[2023-04-05 13:58:33,254: WARNING/MainProcess] done
[2023-04-05 13:58:35,082: WARNING/MainProcess] done
[2023-04-05 13:58:36,844: WARNING/MainProcess] done
[2023-04-05 13:58:38,671: WARNING/MainProcess] done
[2023-04-05 13:58:40,483: WARNING/MainProcess] done
[2023-04-05 13:58:42,296: WARNING/MainProcess] done
[2023-04-05 13:58:44,031: WARNING/MainProcess] done
[2023-04-05 13:58:45,811: WARNING/MainProcess] done
[2023-04-05 13:58:47,654: WARNING/MainProcess] done
[2023-04-05 13:58:49,326: WARNING/MainProcess] done
[2023-04-05 13:58:51,179: WARNING/MainProcess] done
[2023-04-05 13:58:52,972: WARNING/MainProcess] done
[2023-04-05 13:58:54,784: WARNING/MainProcess] done
[2023-04-05 13:58:56,590: WARNING/MainProcess] done
[2023-04-05 13:58:58,324: WARNING/MainProcess] done
[2023-04-05 13:59:00,126: WARNING/MainProcess] done
[2023-04-05 13:59:01,914: WARNING/MainProcess] done
[2023-04-05 13:59:03,711: WARNING/MainProcess] done
[2023-04-05 13:59:05,587: WARNING/MainProcess] done
[2023-04-05 13:59:07,436: WARNING/MainProcess] done
[2023-04-05 13:59:10,440: WARNING/MainProcess] done
[2023-04-05 13:59:12,159: WARNING/MainProcess] done
[2023-04-05 13:59:14,045: WARNING/MainProcess] done
[2023-04-05 13:59:15,885: WARNING/MainProcess] done
[2023-04-05 13:59:17,807: WARNING/MainProcess] done
[2023-04-05 13:59:19,786: WARNING/MainProcess] done
[2023-04-05 13:59:21,616: WARNING/MainProcess] done
[2023-04-05 13:59:23,319: WARNING/MainProcess] done
[2023-04-05 13:59:25,202: WARNING/MainProcess] done
[2023-04-05 13:59:26,956: WARNING/MainProcess] done
[2023-04-05 13:59:28,753: WARNING/MainProcess] done
[2023-04-05 13:59:30,558: WARNING/MainProcess] done
[2023-04-05 13:59:32,292: WARNING/MainProcess] done
[2023-04-05 13:59:34,126: WARNING/MainProcess] done
[2023-04-05 13:59:35,941: WARNING/MainProcess] done
[2023-04-05 13:59:37,675: WARNING/MainProcess] done
[2023-04-05 13:59:39,439: WARNING/MainProcess] done
[2023-04-05 13:59:41,284: WARNING/MainProcess] done
[2023-04-05 13:59:43,127: WARNING/MainProcess] done
[2023-04-05 13:59:44,930: WARNING/MainProcess] done
[2023-04-05 13:59:46,903: WARNING/MainProcess] done
[2023-04-05 13:59:48,939: WARNING/MainProcess] done
[2023-04-05 13:59:51,036: WARNING/MainProcess] done
[2023-04-05 13:59:53,138: WARNING/MainProcess] done
[2023-04-05 13:59:55,216: WARNING/MainProcess] done
[2023-04-05 13:59:57,082: WARNING/MainProcess] done
[2023-04-05 13:59:58,930: WARNING/MainProcess] done
[2023-04-05 14:00:00,696: WARNING/MainProcess] done
[2023-04-05 14:00:02,447: WARNING/MainProcess] done
[2023-04-05 14:00:04,237: WARNING/MainProcess] done
[2023-04-05 14:00:05,987: WARNING/MainProcess] done
[2023-04-05 14:00:07,829: WARNING/MainProcess] done
[2023-04-05 14:00:09,609: WARNING/MainProcess] done
[2023-04-05 14:00:11,312: WARNING/MainProcess] done
[2023-04-05 14:00:14,364: WARNING/MainProcess] done
[2023-04-05 14:00:16,308: WARNING/MainProcess] done
[2023-04-05 14:00:18,209: WARNING/MainProcess] done
[2023-04-05 14:00:20,006: WARNING/MainProcess] done
[2023-04-05 14:00:21,996: WARNING/MainProcess] done
[2023-04-05 14:00:23,976: WARNING/MainProcess] done
[2023-04-05 14:00:25,804: WARNING/MainProcess] done
[2023-04-05 14:00:27,660: WARNING/MainProcess] done
[2023-04-05 14:00:29,467: WARNING/MainProcess] done
[2023-04-05 14:00:31,233: WARNING/MainProcess] done
[2023-04-05 14:00:33,078: WARNING/MainProcess] done
[2023-04-05 14:00:34,969: WARNING/MainProcess] done
[2023-04-05 14:00:36,738: WARNING/MainProcess] done
[2023-04-05 14:00:38,653: WARNING/MainProcess] done
[2023-04-05 14:00:40,523: WARNING/MainProcess] done
[2023-04-05 14:00:42,489: WARNING/MainProcess] done
[2023-04-05 14:00:44,345: WARNING/MainProcess] done
[2023-04-05 14:00:46,189: WARNING/MainProcess] done
[2023-04-05 14:00:47,995: WARNING/MainProcess] done
[2023-04-05 14:00:49,857: WARNING/MainProcess] done
[2023-04-05 14:00:51,618: WARNING/MainProcess] done
[2023-04-05 14:00:53,636: WARNING/MainProcess] done
[2023-04-05 14:00:55,363: WARNING/MainProcess] done
[2023-04-05 14:00:57,139: WARNING/MainProcess] done
[2023-04-05 14:00:59,141: WARNING/MainProcess] done
[2023-04-05 14:01:01,146: WARNING/MainProcess] done
[2023-04-05 14:01:02,967: WARNING/MainProcess] done
[2023-04-05 14:01:04,686: WARNING/MainProcess] done
[2023-04-05 14:01:06,575: WARNING/MainProcess] done
[2023-04-05 14:01:08,357: WARNING/MainProcess] done
[2023-04-05 14:01:10,284: WARNING/MainProcess] done
[2023-04-05 14:01:12,048: WARNING/MainProcess] done
[2023-04-05 14:01:14,017: WARNING/MainProcess] done
[2023-04-05 14:01:15,775: WARNING/MainProcess] done
[2023-04-05 14:01:17,691: WARNING/MainProcess] done
[2023-04-05 14:01:19,472: WARNING/MainProcess] done
[2023-04-05 14:01:21,256: WARNING/MainProcess] done
[2023-04-05 14:01:23,147: WARNING/MainProcess] done
[2023-04-05 14:01:25,209: WARNING/MainProcess] done
[2023-04-05 14:01:26,970: WARNING/MainProcess] done
[2023-04-05 14:01:28,707: WARNING/MainProcess] done
[2023-04-05 14:01:30,582: WARNING/MainProcess] done
[2023-04-05 14:01:32,328: WARNING/MainProcess] done
[2023-04-05 14:01:34,225: WARNING/MainProcess] done
[2023-04-05 14:01:36,053: WARNING/MainProcess] done
[2023-04-05 14:01:37,952: WARNING/MainProcess] done
[2023-04-05 14:01:39,747: WARNING/MainProcess] done
[2023-04-05 14:01:41,588: WARNING/MainProcess] done
[2023-04-05 14:01:43,346: WARNING/MainProcess] done
[2023-04-05 14:01:45,096: WARNING/MainProcess] done
[2023-04-05 14:01:46,975: WARNING/MainProcess] done
[2023-04-05 14:01:48,681: WARNING/MainProcess] done
[2023-04-05 14:01:50,556: WARNING/MainProcess] done
[2023-04-05 14:01:52,312: WARNING/MainProcess] done
[2023-04-05 14:01:54,140: WARNING/MainProcess] done
[2023-04-05 14:01:55,922: WARNING/MainProcess] done
[2023-04-05 14:01:57,842: WARNING/MainProcess] done
[2023-04-05 14:01:59,749: WARNING/MainProcess] done
[2023-04-05 14:02:01,526: WARNING/MainProcess] done
[2023-04-05 14:02:03,455: WARNING/MainProcess] done
[2023-04-05 14:02:05,205: WARNING/MainProcess] done
[2023-04-05 14:02:07,045: WARNING/MainProcess] done
[2023-04-05 14:02:08,824: WARNING/MainProcess] done
[2023-04-05 14:02:10,558: WARNING/MainProcess] done
[2023-04-05 14:02:12,346: WARNING/MainProcess] done
[2023-04-05 14:02:14,088: WARNING/MainProcess] done
[2023-04-05 14:02:15,916: WARNING/MainProcess] done
[2023-04-05 14:02:17,708: WARNING/MainProcess] done
[2023-04-05 14:02:19,560: WARNING/MainProcess] done
[2023-04-05 14:02:21,399: WARNING/MainProcess] done
[2023-04-05 14:02:23,276: WARNING/MainProcess] done
[2023-04-05 14:02:25,213: WARNING/MainProcess] done
[2023-04-05 14:02:27,130: WARNING/MainProcess] done
[2023-04-05 14:02:28,864: WARNING/MainProcess] done
[2023-04-05 14:02:30,684: WARNING/MainProcess] done
[2023-04-05 14:02:32,468: WARNING/MainProcess] done
[2023-04-05 14:02:34,454: WARNING/MainProcess] done
[2023-04-05 14:02:36,201: WARNING/MainProcess] done
[2023-04-05 14:02:37,970: WARNING/MainProcess] done
[2023-04-05 14:02:39,822: WARNING/MainProcess] done
[2023-04-05 14:02:41,583: WARNING/MainProcess] done
[2023-04-05 14:02:43,517: WARNING/MainProcess] done
[2023-04-05 14:02:45,316: WARNING/MainProcess] done
[2023-04-05 14:02:47,123: WARNING/MainProcess] done
[2023-04-05 14:02:48,944: WARNING/MainProcess] done
[2023-04-05 14:02:50,790: WARNING/MainProcess] done
[2023-04-05 14:02:52,504: WARNING/MainProcess] done
[2023-04-05 14:02:54,608: WARNING/MainProcess] done
[2023-04-05 14:02:56,712: WARNING/MainProcess] done
[2023-04-05 14:02:59,507: WARNING/MainProcess] done
[2023-04-05 14:03:01,346: WARNING/MainProcess] done
[2023-04-05 14:03:03,091: WARNING/MainProcess] done
[2023-04-05 14:03:05,053: WARNING/MainProcess] done
[2023-04-05 14:03:07,015: WARNING/MainProcess] done
[2023-04-05 14:03:09,046: WARNING/MainProcess] done
[2023-04-05 14:03:11,354: WARNING/MainProcess] done
[2023-04-05 14:03:13,289: WARNING/MainProcess] done
[2023-04-05 14:03:15,138: WARNING/MainProcess] done
[2023-04-05 14:03:17,059: WARNING/MainProcess] done
[2023-04-05 14:03:18,932: WARNING/MainProcess] done
[2023-04-05 14:03:21,169: WARNING/MainProcess] done
[2023-04-05 14:03:23,941: WARNING/MainProcess] done
[2023-04-05 14:03:29,038: WARNING/MainProcess] done
[2023-04-05 14:03:31,000: WARNING/MainProcess] done
[2023-04-05 14:03:32,870: WARNING/MainProcess] done
[2023-04-05 14:03:34,636: WARNING/MainProcess] done
[2023-04-05 14:03:36,388: WARNING/MainProcess] done
[2023-04-05 14:03:38,122: WARNING/MainProcess] done
[2023-04-05 14:03:39,982: WARNING/MainProcess] done
[2023-04-05 14:03:41,739: WARNING/MainProcess] done
[2023-04-05 14:03:43,796: WARNING/MainProcess] done
[2023-04-05 14:03:45,546: WARNING/MainProcess] done
[2023-04-05 14:03:47,369: WARNING/MainProcess] done
[2023-04-05 14:03:49,225: WARNING/MainProcess] done
[2023-04-05 14:03:51,239: WARNING/MainProcess] done
[2023-04-05 14:03:53,162: WARNING/MainProcess] done
[2023-04-05 14:03:55,251: WARNING/MainProcess] done
[2023-04-05 14:03:57,715: WARNING/MainProcess] done
[2023-04-05 14:03:59,525: WARNING/MainProcess] done
[2023-04-05 14:04:01,671: WARNING/MainProcess] done
[2023-04-05 14:04:03,749: WARNING/MainProcess] done
[2023-04-05 14:04:05,702: WARNING/MainProcess] done
[2023-04-05 14:04:08,005: WARNING/MainProcess] done
[2023-04-05 14:04:11,120: WARNING/MainProcess] done
[2023-04-05 14:04:13,030: WARNING/MainProcess] done
[2023-04-05 14:04:14,769: WARNING/MainProcess] done
[2023-04-05 14:04:16,671: WARNING/MainProcess] done
[2023-04-05 14:04:18,494: WARNING/MainProcess] done
[2023-04-05 14:04:20,333: WARNING/MainProcess] done
[2023-04-05 14:04:22,125: WARNING/MainProcess] done
[2023-04-05 14:04:23,949: WARNING/MainProcess] done
[2023-04-05 14:04:25,715: WARNING/MainProcess] done
[2023-04-05 14:04:27,675: WARNING/MainProcess] done
[2023-04-05 14:04:32,179: WARNING/MainProcess] done
[2023-04-05 14:04:33,944: WARNING/MainProcess] done
[2023-04-05 14:04:35,862: WARNING/MainProcess] done
[2023-04-05 14:04:38,403: WARNING/MainProcess] done
[2023-04-05 14:04:40,343: WARNING/MainProcess] done
[2023-04-05 14:04:42,136: WARNING/MainProcess] done
[2023-04-05 14:04:43,988: WARNING/MainProcess] done
[2023-04-05 14:04:45,861: WARNING/MainProcess] done
[2023-04-05 14:04:47,669: WARNING/MainProcess] done
[2023-04-05 14:04:49,513: WARNING/MainProcess] done
[2023-04-05 14:04:51,216: WARNING/MainProcess] done
[2023-04-05 14:04:53,012: WARNING/MainProcess] done
[2023-04-05 14:04:54,933: WARNING/MainProcess] done
[2023-04-05 14:04:56,787: WARNING/MainProcess] done
[2023-04-05 14:04:58,721: WARNING/MainProcess] done
[2023-04-05 14:05:01,388: WARNING/MainProcess] done
[2023-04-05 14:05:03,165: WARNING/MainProcess] done
[2023-04-05 14:05:05,681: WARNING/MainProcess] done
[2023-04-05 14:05:07,458: WARNING/MainProcess] done
[2023-04-05 14:05:09,283: WARNING/MainProcess] done
[2023-04-05 14:05:11,096: WARNING/MainProcess] done
[2023-04-05 14:05:12,943: WARNING/MainProcess] done
[2023-04-05 14:05:14,744: WARNING/MainProcess] done
[2023-04-05 14:05:16,462: WARNING/MainProcess] done
[2023-04-05 14:05:18,478: WARNING/MainProcess] done
[2023-04-05 14:05:20,702: WARNING/MainProcess] done
[2023-04-05 14:05:22,580: WARNING/MainProcess] done
[2023-04-05 14:05:24,408: WARNING/MainProcess] done
[2023-04-05 14:05:26,219: WARNING/MainProcess] done
[2023-04-05 14:05:28,119: WARNING/MainProcess] done
[2023-04-05 14:05:29,963: WARNING/MainProcess] done
[2023-04-05 14:05:36,671: WARNING/MainProcess] done
[2023-04-05 14:05:38,453: WARNING/MainProcess] done
[2023-04-05 14:05:40,514: WARNING/MainProcess] done
[2023-04-05 14:05:42,408: WARNING/MainProcess] done
[2023-04-05 14:05:44,189: WARNING/MainProcess] done
[2023-04-05 14:05:46,027: WARNING/MainProcess] done
[2023-04-05 14:05:47,830: WARNING/MainProcess] done
[2023-04-05 14:05:49,755: WARNING/MainProcess] done
[2023-04-05 14:05:51,808: WARNING/MainProcess] done
[2023-04-05 14:05:53,803: WARNING/MainProcess] done
[2023-04-05 14:05:56,116: WARNING/MainProcess] done
[2023-04-05 14:05:57,860: WARNING/MainProcess] done
[2023-04-05 14:05:59,698: WARNING/MainProcess] done
[2023-04-05 14:06:01,573: WARNING/MainProcess] done
[2023-04-05 14:06:03,507: WARNING/MainProcess] done
[2023-04-05 14:06:05,359: WARNING/MainProcess] done
[2023-04-05 14:06:07,245: WARNING/MainProcess] done
[2023-04-05 14:06:08,979: WARNING/MainProcess] done
[2023-04-05 14:06:10,909: WARNING/MainProcess] done
[2023-04-05 14:06:12,904: WARNING/MainProcess] done
[2023-04-05 14:06:15,714: WARNING/MainProcess] done
[2023-04-05 14:06:17,517: WARNING/MainProcess] done
[2023-04-05 14:06:19,346: WARNING/MainProcess] done
[2023-04-05 14:06:21,236: WARNING/MainProcess] done
[2023-04-05 14:06:23,085: WARNING/MainProcess] done
[2023-04-05 14:06:24,965: WARNING/MainProcess] done
[2023-04-05 14:06:26,741: WARNING/MainProcess] done
[2023-04-05 14:06:28,591: WARNING/MainProcess] done
[2023-04-05 14:06:30,559: WARNING/MainProcess] done
[2023-04-05 14:06:32,539: WARNING/MainProcess] done
[2023-04-05 14:06:37,742: WARNING/MainProcess] done
[2023-04-05 14:06:39,624: WARNING/MainProcess] done
[2023-04-05 14:06:41,624: WARNING/MainProcess] done
[2023-04-05 14:06:43,498: WARNING/MainProcess] done
[2023-04-05 14:06:45,860: WARNING/MainProcess] done
[2023-04-05 14:06:47,827: WARNING/MainProcess] done
[2023-04-05 14:06:49,811: WARNING/MainProcess] done
[2023-04-05 14:06:51,622: WARNING/MainProcess] done
[2023-04-05 14:06:53,459: WARNING/MainProcess] done
[2023-04-05 14:06:55,271: WARNING/MainProcess] done
[2023-04-05 14:06:57,114: WARNING/MainProcess] done
[2023-04-05 14:06:58,849: WARNING/MainProcess] done
[2023-04-05 14:07:00,548: WARNING/MainProcess] done
[2023-04-05 14:07:02,478: WARNING/MainProcess] done
[2023-04-05 14:07:04,196: WARNING/MainProcess] done
[2023-04-05 14:07:06,055: WARNING/MainProcess] done
[2023-04-05 14:07:07,873: WARNING/MainProcess] done
[2023-04-05 14:07:09,857: WARNING/MainProcess] done
[2023-04-05 14:07:11,589: WARNING/MainProcess] done
[2023-04-05 14:07:13,400: WARNING/MainProcess] done
[2023-04-05 14:07:15,260: WARNING/MainProcess] done
[2023-04-05 14:07:17,072: WARNING/MainProcess] done
[2023-04-05 14:07:18,881: WARNING/MainProcess] done
[2023-04-05 14:07:20,709: WARNING/MainProcess] done
[2023-04-05 14:07:22,640: WARNING/MainProcess] done
[2023-04-05 14:07:24,500: WARNING/MainProcess] done
[2023-04-05 14:07:26,437: WARNING/MainProcess] done
[2023-04-05 14:07:28,307: WARNING/MainProcess] done
[2023-04-05 14:07:30,262: WARNING/MainProcess] done
[2023-04-05 14:07:32,070: WARNING/MainProcess] done
[2023-04-05 14:07:33,897: WARNING/MainProcess] done
[2023-04-05 14:07:35,822: WARNING/MainProcess] done
[2023-04-05 14:07:37,739: WARNING/MainProcess] done
[2023-04-05 14:07:39,550: WARNING/MainProcess] done
[2023-04-05 14:07:41,470: WARNING/MainProcess] done
[2023-04-05 14:07:43,246: WARNING/MainProcess] done
[2023-04-05 14:07:45,090: WARNING/MainProcess] done
[2023-04-05 14:07:46,919: WARNING/MainProcess] done
[2023-04-05 14:07:48,763: WARNING/MainProcess] done
[2023-04-05 14:07:50,528: WARNING/MainProcess] done
[2023-04-05 14:07:52,409: WARNING/MainProcess] done
[2023-04-05 14:07:54,269: WARNING/MainProcess] done
[2023-04-05 14:07:56,114: WARNING/MainProcess] done
[2023-04-05 14:07:57,916: WARNING/MainProcess] done
[2023-04-05 14:07:59,773: WARNING/MainProcess] done
[2023-04-05 14:08:01,626: WARNING/MainProcess] done
[2023-04-05 14:08:03,378: WARNING/MainProcess] done
[2023-04-05 14:08:05,188: WARNING/MainProcess] done
[2023-04-05 14:08:07,090: WARNING/MainProcess] done
[2023-04-05 14:08:08,794: WARNING/MainProcess] done
[2023-04-05 14:08:10,595: WARNING/MainProcess] done
[2023-04-05 14:08:12,294: WARNING/MainProcess] done
[2023-04-05 14:08:14,184: WARNING/MainProcess] done
[2023-04-05 14:08:15,968: WARNING/MainProcess] done
[2023-04-05 14:08:17,820: WARNING/MainProcess] done
[2023-04-05 14:08:19,523: WARNING/MainProcess] done
[2023-04-05 14:08:21,310: WARNING/MainProcess] done
[2023-04-05 14:08:23,197: WARNING/MainProcess] done
[2023-04-05 14:08:24,962: WARNING/MainProcess] done
[2023-04-05 14:08:26,901: WARNING/MainProcess] done
[2023-04-05 14:08:28,615: WARNING/MainProcess] done
[2023-04-05 14:08:30,627: WARNING/MainProcess] done
[2023-04-05 14:08:32,734: WARNING/MainProcess] done
[2023-04-05 14:08:34,855: WARNING/MainProcess] done
[2023-04-05 14:08:40,996: WARNING/MainProcess] done
[2023-04-05 14:08:42,835: WARNING/MainProcess] done
[2023-04-05 14:08:44,765: WARNING/MainProcess] done
[2023-04-05 14:08:46,482: WARNING/MainProcess] done
[2023-04-05 14:08:48,274: WARNING/MainProcess] done
[2023-04-05 14:08:50,040: WARNING/MainProcess] done
[2023-04-05 14:08:52,040: WARNING/MainProcess] done
[2023-04-05 14:08:54,071: WARNING/MainProcess] done
[2023-04-05 14:08:56,036: WARNING/MainProcess] done
[2023-04-05 14:08:58,733: WARNING/MainProcess] done
[2023-04-05 14:09:00,584: WARNING/MainProcess] done
[2023-04-05 14:09:02,439: WARNING/MainProcess] done
[2023-04-05 14:09:04,244: WARNING/MainProcess] done
[2023-04-05 14:09:06,416: WARNING/MainProcess] done
[2023-04-05 14:09:08,548: WARNING/MainProcess] done
[2023-04-05 14:09:10,345: WARNING/MainProcess] done
[2023-04-05 14:09:13,511: WARNING/MainProcess] done
[2023-04-05 14:09:17,744: WARNING/MainProcess] done
[2023-04-05 14:09:19,602: WARNING/MainProcess] done
[2023-04-05 14:09:21,352: WARNING/MainProcess] done
[2023-04-05 14:09:23,299: WARNING/MainProcess] done
[2023-04-05 14:09:25,049: WARNING/MainProcess] done
[2023-04-05 14:09:26,973: WARNING/MainProcess] done
[2023-04-05 14:09:29,100: WARNING/MainProcess] done
[2023-04-05 14:09:31,273: WARNING/MainProcess] done
[2023-04-05 14:09:32,987: WARNING/MainProcess] done
[2023-04-05 14:09:35,038: WARNING/MainProcess] done
[2023-04-05 14:09:37,353: WARNING/MainProcess] done
[2023-04-05 14:09:41,893: WARNING/MainProcess] done
[2023-04-05 14:09:43,724: WARNING/MainProcess] done
[2023-04-05 14:09:45,502: WARNING/MainProcess] done
[2023-04-05 14:09:47,309: WARNING/MainProcess] done
[2023-04-05 14:09:49,184: WARNING/MainProcess] done
[2023-04-05 14:09:51,101: WARNING/MainProcess] done
[2023-04-05 14:09:52,893: WARNING/MainProcess] done
[2023-04-05 14:09:54,736: WARNING/MainProcess] done
[2023-04-05 14:09:56,547: WARNING/MainProcess] done
[2023-04-05 14:09:58,402: WARNING/MainProcess] done
[2023-04-05 14:10:00,165: WARNING/MainProcess] done
[2023-04-05 14:10:01,934: WARNING/MainProcess] done
[2023-04-05 14:10:03,851: WARNING/MainProcess] done
[2023-04-05 14:10:05,684: WARNING/MainProcess] done
[2023-04-05 14:10:07,925: WARNING/MainProcess] done
[2023-04-05 14:10:10,566: WARNING/MainProcess] done
[2023-04-05 14:10:12,488: WARNING/MainProcess] done
[2023-04-05 14:10:14,225: WARNING/MainProcess] done
[2023-04-05 14:10:16,069: WARNING/MainProcess] done
[2023-04-05 14:10:17,922: WARNING/MainProcess] done
[2023-04-05 14:10:19,818: WARNING/MainProcess] done
[2023-04-05 14:10:21,677: WARNING/MainProcess] done
[2023-04-05 14:10:23,594: WARNING/MainProcess] done
[2023-04-05 14:10:25,300: WARNING/MainProcess] done
[2023-04-05 14:10:27,114: WARNING/MainProcess] done
[2023-04-05 14:10:29,388: WARNING/MainProcess] done
[2023-04-05 14:10:32,485: WARNING/MainProcess] done
[2023-04-05 14:10:34,284: WARNING/MainProcess] done
[2023-04-05 14:10:36,112: WARNING/MainProcess] done
[2023-04-05 14:10:37,846: WARNING/MainProcess] done
[2023-04-05 14:10:39,665: WARNING/MainProcess] done
[2023-04-05 14:10:44,373: WARNING/MainProcess] done
[2023-04-05 14:10:46,210: WARNING/MainProcess] done
[2023-04-05 14:10:47,973: WARNING/MainProcess] done
[2023-04-05 14:10:49,801: WARNING/MainProcess] done
[2023-04-05 14:10:51,643: WARNING/MainProcess] done
[2023-04-05 14:10:53,432: WARNING/MainProcess] done
[2023-04-05 14:10:55,217: WARNING/MainProcess] done
[2023-04-05 14:10:56,931: WARNING/MainProcess] done
[2023-04-05 14:10:58,719: WARNING/MainProcess] done
[2023-04-05 14:11:00,581: WARNING/MainProcess] done
[2023-04-05 14:11:02,414: WARNING/MainProcess] done
[2023-04-05 14:11:04,149: WARNING/MainProcess] done
[2023-04-05 14:11:06,401: WARNING/MainProcess] done
[2023-04-05 14:11:09,123: WARNING/MainProcess] done
[2023-04-05 14:11:10,966: WARNING/MainProcess] done
[2023-04-05 14:11:12,805: WARNING/MainProcess] done
[2023-04-05 14:11:14,585: WARNING/MainProcess] done
[2023-04-05 14:11:16,448: WARNING/MainProcess] done
[2023-04-05 14:11:18,272: WARNING/MainProcess] done
[2023-04-05 14:11:20,143: WARNING/MainProcess] done
[2023-04-05 14:11:22,728: WARNING/MainProcess] done
[2023-04-05 14:11:24,517: WARNING/MainProcess] done
[2023-04-05 14:11:26,314: WARNING/MainProcess] done
[2023-04-05 14:11:28,102: WARNING/MainProcess] done
[2023-04-05 14:11:29,980: WARNING/MainProcess] done
[2023-04-05 14:11:31,730: WARNING/MainProcess] done
[2023-04-05 14:11:33,828: WARNING/MainProcess] done
[2023-04-05 14:11:35,625: WARNING/MainProcess] done
[2023-04-05 14:11:38,384: WARNING/MainProcess] done
[2023-04-05 14:11:40,160: WARNING/MainProcess] done
[2023-04-05 14:11:41,965: WARNING/MainProcess] done
[2023-04-05 14:11:45,586: WARNING/MainProcess] done
[2023-04-05 14:11:47,488: WARNING/MainProcess] done
[2023-04-05 14:11:49,332: WARNING/MainProcess] done
[2023-04-05 14:11:51,247: WARNING/MainProcess] done
[2023-04-05 14:11:53,039: WARNING/MainProcess] done
[2023-04-05 14:11:54,904: WARNING/MainProcess] done
[2023-04-05 14:11:56,712: WARNING/MainProcess] done
[2023-04-05 14:11:58,457: WARNING/MainProcess] done
[2023-04-05 14:12:00,348: WARNING/MainProcess] done
[2023-04-05 14:12:02,218: WARNING/MainProcess] done
[2023-04-05 14:12:03,983: WARNING/MainProcess] done
[2023-04-05 14:12:05,748: WARNING/MainProcess] done
[2023-04-05 14:12:07,673: WARNING/MainProcess] done
[2023-04-05 14:12:09,423: WARNING/MainProcess] done
[2023-04-05 14:12:11,345: WARNING/MainProcess] done
[2023-04-05 14:12:13,139: WARNING/MainProcess] done
[2023-04-05 14:12:14,857: WARNING/MainProcess] done
[2023-04-05 14:12:16,812: WARNING/MainProcess] done
[2023-04-05 14:12:18,579: WARNING/MainProcess] done
[2023-04-05 14:12:20,532: WARNING/MainProcess] done
[2023-04-05 14:12:22,480: WARNING/MainProcess] done
[2023-04-05 14:12:24,332: WARNING/MainProcess] done
[2023-04-05 14:12:26,066: WARNING/MainProcess] done
[2023-04-05 14:12:27,896: WARNING/MainProcess] done
[2023-04-05 14:12:29,699: WARNING/MainProcess] done
[2023-04-05 14:12:31,605: WARNING/MainProcess] done
[2023-04-05 14:12:33,351: WARNING/MainProcess] done
[2023-04-05 14:12:35,078: WARNING/MainProcess] done
[2023-04-05 14:12:36,891: WARNING/MainProcess] done
[2023-04-05 14:12:38,744: WARNING/MainProcess] done
[2023-04-05 14:12:40,575: WARNING/MainProcess] done
[2023-04-05 14:12:42,402: WARNING/MainProcess] done
[2023-04-05 14:12:44,168: WARNING/MainProcess] done
[2023-04-05 14:12:46,137: WARNING/MainProcess] done
[2023-04-05 14:12:48,005: WARNING/MainProcess] done
[2023-04-05 14:12:49,738: WARNING/MainProcess] done
[2023-04-05 14:12:51,628: WARNING/MainProcess] done
[2023-04-05 14:12:53,439: WARNING/MainProcess] done
[2023-04-05 14:12:55,296: WARNING/MainProcess] done
[2023-04-05 14:12:57,015: WARNING/MainProcess] done
[2023-04-05 14:12:58,861: WARNING/MainProcess] done
[2023-04-05 14:13:00,814: WARNING/MainProcess] done
[2023-04-05 14:13:02,648: WARNING/MainProcess] done
[2023-04-05 14:13:04,460: WARNING/MainProcess] done
[2023-04-05 14:13:06,178: WARNING/MainProcess] done
[2023-04-05 14:13:08,175: WARNING/MainProcess] done
[2023-04-05 14:13:18,611: INFO/MainProcess] Task tasks.sample_tasks.create_task[4204574b-3fe0-40e9-8fa4-25036b1b40fe] succeeded in 1981.344000000001s: ' Entries: 1001'
[2023-04-05 14:36:16,726: INFO/MainProcess] missed heartbeat from celery@railway
[2023-04-05 14:36:19,654: WARNING/MainProcess] consumer: Connection to broker lost. Trying to re-establish the connection...
Traceback (most recent call last):
  File "D:\django_test\django-celery\venv\lib\site-packages\celery\worker\consumer\consumer.py", line 332, in start
    blueprint.start(self)
  File "D:\django_test\django-celery\venv\lib\site-packages\celery\bootsteps.py", line 116, in start
    step.start(parent)
  File "D:\django_test\django-celery\venv\lib\site-packages\celery\worker\consumer\consumer.py", line 628, in start
    c.loop(*c.loop_args())
  File "D:\django_test\django-celery\venv\lib\site-packages\celery\worker\loops.py", line 130, in synloop
    connection.drain_events(timeout=2.0)
  File "D:\django_test\django-celery\venv\lib\site-packages\kombu\connection.py", line 316, in drain_events
    return self.transport.drain_events(self.connection, **kwargs)
  File "D:\django_test\django-celery\venv\lib\site-packages\kombu\transport\virtual\base.py", line 971, in drain_events
    get(self._deliver, timeout=timeout)
  File "D:\django_test\django-celery\venv\lib\site-packages\kombu\transport\redis.py", line 584, in get
    ret = self.handle_event(fileno, event)
  File "D:\django_test\django-celery\venv\lib\site-packages\kombu\transport\redis.py", line 566, in handle_event
    return self.on_readable(fileno), self
  File "D:\django_test\django-celery\venv\lib\site-packages\kombu\transport\redis.py", line 562, in on_readable
    chan.handlers[type]()
  File "D:\django_test\django-celery\venv\lib\site-packages\kombu\transport\redis.py", line 967, in _brpop_read
    self.connection._deliver(loads(bytes_to_str(item)), dest)
  File "D:\django_test\django-celery\venv\lib\site-packages\kombu\transport\virtual\base.py", line 991, in _deliver
    callback(message)
  File "D:\django_test\django-celery\venv\lib\site-packages\kombu\transport\virtual\base.py", line 623, in _callback
    self.qos.append(message, message.delivery_tag)
  File "D:\django_test\django-celery\venv\lib\site-packages\kombu\transport\redis.py", line 362, in append
    pipe.zadd(self.unacked_index_key, *zadd_args) \
  File "D:\django_test\django-celery\venv\lib\site-packages\redis\client.py", line 2109, in execute
    return conn.retry.call_with_retry(
  File "D:\django_test\django-celery\venv\lib\site-packages\redis\retry.py", line 49, in call_with_retry
    fail(error)
  File "D:\django_test\django-celery\venv\lib\site-packages\redis\client.py", line 2111, in <lambda>
    lambda error: self._disconnect_raise_reset(conn, error),
  File "D:\django_test\django-celery\venv\lib\site-packages\redis\retry.py", line 46, in call_with_retry
    return do()
  File "D:\django_test\django-celery\venv\lib\site-packages\redis\client.py", line 2110, in <lambda>
    lambda: execute(conn, stack, raise_on_error),
  File "D:\django_test\django-celery\venv\lib\site-packages\redis\client.py", line 1956, in _execute_transaction
    connection.send_packed_command(all_cmds)
  File "D:\django_test\django-celery\venv\lib\site-packages\redis\connection.py", line 764, in send_packed_command
    self.check_health()
  File "D:\django_test\django-celery\venv\lib\site-packages\redis\connection.py", line 756, in check_health
    self.retry.call_with_retry(self._send_ping, self._ping_failed)
  File "D:\django_test\django-celery\venv\lib\site-packages\redis\retry.py", line 51, in call_with_retry
    raise error
  File "D:\django_test\django-celery\venv\lib\site-packages\redis\retry.py", line 46, in call_with_retry
    return do()
  File "D:\django_test\django-celery\venv\lib\site-packages\redis\connection.py", line 746, in _send_ping
    if str_if_bytes(self.read_response()) != "PONG":
  File "D:\django_test\django-celery\venv\lib\site-packages\redis\connection.py", line 812, in read_response
    response = self._parser.read_response(disable_decoding=disable_decoding)
  File "D:\django_test\django-celery\venv\lib\site-packages\redis\connection.py", line 318, in read_response
    raw = self._buffer.readline()
  File "D:\django_test\django-celery\venv\lib\site-packages\redis\connection.py", line 249, in readline
    self._read_from_socket()
  File "D:\django_test\django-celery\venv\lib\site-packages\redis\connection.py", line 195, in _read_from_socket
    raise ConnectionError(SERVER_CLOSED_CONNECTION_ERROR)
redis.exceptions.ConnectionError: Connection closed by server.
[2023-04-05 14:36:31,829: WARNING/MainProcess] D:\django_test\django-celery\venv\lib\site-packages\celery\worker\consumer\consumer.py:367: CPendingDeprecationWarning: 
In Celery 5.1 we introduced an optional breaking change which
on connection loss cancels all currently executed tasks with late acknowledgement enabled.
These tasks cannot be acknowledged as the connection is gone, and the tasks are automatically redelivered back to the queue.
You can enable this behavior using the worker_cancel_long_running_tasks_on_connection_loss setting.
In Celery 5.1 it is set to False by default. The setting will be set to True by default in Celery 6.0.

  warnings.warn(CANCEL_TASKS_BY_DEFAULT, CPendingDeprecationWarning)

[2023-04-05 14:36:34,145: INFO/MainProcess] Connected to redis://default:**@containers-us-west-48.railway.app:7317//
[2023-04-05 14:36:34,963: INFO/MainProcess] mingle: searching for neighbors
[2023-04-05 14:36:41,171: INFO/MainProcess] mingle: sync with 1 nodes
[2023-04-05 14:36:41,173: INFO/MainProcess] mingle: sync complete
[2023-04-05 14:36:42,516: INFO/MainProcess] pidbox: Connected to redis://default:**@containers-us-west-48.railway.app:7317//.
[2023-04-05 14:45:53,126: INFO/MainProcess] missed heartbeat from celery@railway
[2023-04-05 15:00:24,472: INFO/MainProcess] missed heartbeat from celery@railway
[2023-04-05 15:08:23,328: WARNING/MainProcess] consumer: Connection to broker lost. Trying to re-establish the connection...
Traceback (most recent call last):
  File "D:\django_test\django-celery\venv\lib\site-packages\celery\worker\consumer\consumer.py", line 332, in start
    blueprint.start(self)
  File "D:\django_test\django-celery\venv\lib\site-packages\celery\bootsteps.py", line 116, in start
    step.start(parent)
  File "D:\django_test\django-celery\venv\lib\site-packages\celery\worker\consumer\consumer.py", line 628, in start
    c.loop(*c.loop_args())
  File "D:\django_test\django-celery\venv\lib\site-packages\celery\worker\loops.py", line 130, in synloop
    connection.drain_events(timeout=2.0)
  File "D:\django_test\django-celery\venv\lib\site-packages\kombu\connection.py", line 316, in drain_events
    return self.transport.drain_events(self.connection, **kwargs)
  File "D:\django_test\django-celery\venv\lib\site-packages\kombu\transport\virtual\base.py", line 971, in drain_events
    get(self._deliver, timeout=timeout)
  File "D:\django_test\django-celery\venv\lib\site-packages\kombu\transport\redis.py", line 584, in get
    ret = self.handle_event(fileno, event)
  File "D:\django_test\django-celery\venv\lib\site-packages\kombu\transport\redis.py", line 566, in handle_event
    return self.on_readable(fileno), self
  File "D:\django_test\django-celery\venv\lib\site-packages\kombu\transport\redis.py", line 562, in on_readable
    chan.handlers[type]()
  File "D:\django_test\django-celery\venv\lib\site-packages\kombu\transport\redis.py", line 967, in _brpop_read
    self.connection._deliver(loads(bytes_to_str(item)), dest)
  File "D:\django_test\django-celery\venv\lib\site-packages\kombu\transport\virtual\base.py", line 991, in _deliver
    callback(message)
  File "D:\django_test\django-celery\venv\lib\site-packages\kombu\transport\virtual\base.py", line 623, in _callback
    self.qos.append(message, message.delivery_tag)
  File "D:\django_test\django-celery\venv\lib\site-packages\kombu\transport\redis.py", line 362, in append
    pipe.zadd(self.unacked_index_key, *zadd_args) \
  File "D:\django_test\django-celery\venv\lib\site-packages\redis\client.py", line 2109, in execute
    return conn.retry.call_with_retry(
  File "D:\django_test\django-celery\venv\lib\site-packages\redis\retry.py", line 49, in call_with_retry
    fail(error)
  File "D:\django_test\django-celery\venv\lib\site-packages\redis\client.py", line 2111, in <lambda>
    lambda error: self._disconnect_raise_reset(conn, error),
  File "D:\django_test\django-celery\venv\lib\site-packages\redis\retry.py", line 46, in call_with_retry
    return do()
  File "D:\django_test\django-celery\venv\lib\site-packages\redis\client.py", line 2110, in <lambda>
    lambda: execute(conn, stack, raise_on_error),
  File "D:\django_test\django-celery\venv\lib\site-packages\redis\client.py", line 1956, in _execute_transaction
    connection.send_packed_command(all_cmds)
  File "D:\django_test\django-celery\venv\lib\site-packages\redis\connection.py", line 764, in send_packed_command
    self.check_health()
  File "D:\django_test\django-celery\venv\lib\site-packages\redis\connection.py", line 756, in check_health
    self.retry.call_with_retry(self._send_ping, self._ping_failed)
  File "D:\django_test\django-celery\venv\lib\site-packages\redis\retry.py", line 51, in call_with_retry
    raise error
  File "D:\django_test\django-celery\venv\lib\site-packages\redis\retry.py", line 46, in call_with_retry
    return do()
  File "D:\django_test\django-celery\venv\lib\site-packages\redis\connection.py", line 746, in _send_ping
    if str_if_bytes(self.read_response()) != "PONG":
  File "D:\django_test\django-celery\venv\lib\site-packages\redis\connection.py", line 812, in read_response
    response = self._parser.read_response(disable_decoding=disable_decoding)
  File "D:\django_test\django-celery\venv\lib\site-packages\redis\connection.py", line 318, in read_response
    raw = self._buffer.readline()
  File "D:\django_test\django-celery\venv\lib\site-packages\redis\connection.py", line 249, in readline
    self._read_from_socket()
  File "D:\django_test\django-celery\venv\lib\site-packages\redis\connection.py", line 195, in _read_from_socket
    raise ConnectionError(SERVER_CLOSED_CONNECTION_ERROR)
redis.exceptions.ConnectionError: Connection closed by server.
[2023-04-05 15:08:26,387: WARNING/MainProcess] D:\django_test\django-celery\venv\lib\site-packages\celery\worker\consumer\consumer.py:367: CPendingDeprecationWarning: 
In Celery 5.1 we introduced an optional breaking change which
on connection loss cancels all currently executed tasks with late acknowledgement enabled.
These tasks cannot be acknowledged as the connection is gone, and the tasks are automatically redelivered back to the queue.
You can enable this behavior using the worker_cancel_long_running_tasks_on_connection_loss setting.
In Celery 5.1 it is set to False by default. The setting will be set to True by default in Celery 6.0.

  warnings.warn(CANCEL_TASKS_BY_DEFAULT, CPendingDeprecationWarning)

[2023-04-05 15:08:29,400: INFO/MainProcess] Connected to redis://default:**@containers-us-west-48.railway.app:7317//
[2023-04-05 15:08:30,165: INFO/MainProcess] mingle: searching for neighbors
[2023-04-05 15:08:37,631: INFO/MainProcess] mingle: sync with 1 nodes
[2023-04-05 15:08:37,632: INFO/MainProcess] mingle: sync complete
[2023-04-05 15:08:39,159: INFO/MainProcess] pidbox: Connected to redis://default:**@containers-us-west-48.railway.app:7317//.
[2023-04-05 15:08:43,916: INFO/MainProcess] missed heartbeat from celery@railway
[2023-04-05 15:09:00,605: INFO/MainProcess] sync with celery@railway
[2023-04-05 15:15:39,457: INFO/MainProcess] missed heartbeat from celery@railway
[2023-04-05 15:25:21,346: INFO/MainProcess] missed heartbeat from celery@railway
[2023-04-05 15:25:21,349: WARNING/MainProcess] consumer: Connection to broker lost. Trying to re-establish the connection...
Traceback (most recent call last):
  File "D:\django_test\django-celery\venv\lib\site-packages\redis\connection.py", line 769, in send_packed_command
    self._sock.sendall(item)
  File "D:\django_test\django-celery\venv\lib\site-packages\eventlet\greenio\base.py", line 407, in sendall
    tail = self.send(data, flags)
  File "D:\django_test\django-celery\venv\lib\site-packages\eventlet\greenio\base.py", line 401, in send
    return self._send_loop(self.fd.send, data, flags)
  File "D:\django_test\django-celery\venv\lib\site-packages\eventlet\greenio\base.py", line 388, in _send_loop
    return send_method(data, *args)
ConnectionResetError: [WinError 10054] An existing connection was forcibly closed by the remote host

During handling of the above exception, another exception occurred:

Traceback (most recent call last):
  File "D:\django_test\django-celery\venv\lib\site-packages\celery\worker\consumer\consumer.py", line 332, in start
    blueprint.start(self)
  File "D:\django_test\django-celery\venv\lib\site-packages\celery\bootsteps.py", line 116, in start
    step.start(parent)
  File "D:\django_test\django-celery\venv\lib\site-packages\celery\worker\consumer\consumer.py", line 628, in start
    c.loop(*c.loop_args())
  File "D:\django_test\django-celery\venv\lib\site-packages\celery\worker\loops.py", line 130, in synloop
    connection.drain_events(timeout=2.0)
  File "D:\django_test\django-celery\venv\lib\site-packages\kombu\connection.py", line 316, in drain_events
    return self.transport.drain_events(self.connection, **kwargs)
  File "D:\django_test\django-celery\venv\lib\site-packages\kombu\transport\virtual\base.py", line 971, in drain_events
    get(self._deliver, timeout=timeout)
  File "D:\django_test\django-celery\venv\lib\site-packages\kombu\transport\redis.py", line 584, in get
    ret = self.handle_event(fileno, event)
  File "D:\django_test\django-celery\venv\lib\site-packages\kombu\transport\redis.py", line 566, in handle_event
    return self.on_readable(fileno), self
  File "D:\django_test\django-celery\venv\lib\site-packages\kombu\transport\redis.py", line 562, in on_readable
    chan.handlers[type]()
  File "D:\django_test\django-celery\venv\lib\site-packages\kombu\transport\redis.py", line 906, in _receive
    ret.append(self._receive_one(c))
  File "D:\django_test\django-celery\venv\lib\site-packages\kombu\transport\redis.py", line 916, in _receive_one
    response = c.parse_response()
  File "D:\django_test\django-celery\venv\lib\site-packages\redis\client.py", line 1521, in parse_response
    self.check_health()
  File "D:\django_test\django-celery\venv\lib\site-packages\redis\client.py", line 1559, in check_health
    conn.send_command("PING", self.HEALTH_CHECK_MESSAGE, check_health=False)
  File "D:\django_test\django-celery\venv\lib\site-packages\redis\connection.py", line 787, in send_command
    self.send_packed_command(
  File "D:\django_test\django-celery\venv\lib\site-packages\redis\connection.py", line 780, in send_packed_command
    raise ConnectionError(f"Error {errno} while writing to socket. {errmsg}.")
redis.exceptions.ConnectionError: Error 10054 while writing to socket. An existing connection was forcibly closed by the remote host.
[2023-04-05 15:25:30,705: WARNING/MainProcess] Traceback (most recent call last):
[2023-04-05 15:25:30,706: WARNING/MainProcess]   File "D:\django_test\django-celery\venv\lib\site-packages\redis\connection.py", line 769, in send_packed_command
    self._sock.sendall(item)
[2023-04-05 15:25:30,707: WARNING/MainProcess]   File "D:\django_test\django-celery\venv\lib\site-packages\eventlet\greenio\base.py", line 407, in sendall
    tail = self.send(data, flags)
[2023-04-05 15:25:30,708: WARNING/MainProcess]   File "D:\django_test\django-celery\venv\lib\site-packages\eventlet\greenio\base.py", line 401, in send
    return self._send_loop(self.fd.send, data, flags)
[2023-04-05 15:25:30,709: WARNING/MainProcess]   File "D:\django_test\django-celery\venv\lib\site-packages\eventlet\greenio\base.py", line 388, in _send_loop
    return send_method(data, *args)
[2023-04-05 15:25:30,709: WARNING/MainProcess] ConnectionResetError: [WinError 10054] An existing connection was forcibly closed by the remote host
[2023-04-05 15:25:30,710: WARNING/MainProcess] 
During handling of the above exception, another exception occurred:
[2023-04-05 15:25:30,710: WARNING/MainProcess] Traceback (most recent call last):
[2023-04-05 15:25:30,711: WARNING/MainProcess]   File "D:\django_test\django-celery\venv\lib\site-packages\eventlet\hubs\hub.py", line 476, in fire_timers
    timer()
[2023-04-05 15:25:30,711: WARNING/MainProcess]   File "D:\django_test\django-celery\venv\lib\site-packages\eventlet\hubs\timer.py", line 59, in __call__
    cb(*args, **kw)
[2023-04-05 15:25:30,712: WARNING/MainProcess]   File "D:\django_test\django-celery\venv\lib\site-packages\celery\worker\pidbox.py", line 118, in loop
    connection.drain_events(timeout=1.0)
[2023-04-05 15:25:30,714: WARNING/MainProcess]   File "D:\django_test\django-celery\venv\lib\site-packages\kombu\connection.py", line 316, in drain_events
    return self.transport.drain_events(self.connection, **kwargs)
[2023-04-05 15:25:30,715: WARNING/MainProcess]   File "D:\django_test\django-celery\venv\lib\site-packages\kombu\transport\virtual\base.py", line 971, in drain_events
    get(self._deliver, timeout=timeout)
[2023-04-05 15:25:30,715: WARNING/MainProcess]   File "D:\django_test\django-celery\venv\lib\site-packages\kombu\transport\redis.py", line 584, in get
    ret = self.handle_event(fileno, event)
[2023-04-05 15:25:30,716: WARNING/MainProcess]   File "D:\django_test\django-celery\venv\lib\site-packages\kombu\transport\redis.py", line 566, in handle_event
    return self.on_readable(fileno), self
[2023-04-05 15:25:30,717: WARNING/MainProcess]   File "D:\django_test\django-celery\venv\lib\site-packages\kombu\transport\redis.py", line 562, in on_readable
    chan.handlers[type]()
[2023-04-05 15:25:30,717: WARNING/MainProcess]   File "D:\django_test\django-celery\venv\lib\site-packages\kombu\transport\redis.py", line 906, in _receive
    ret.append(self._receive_one(c))
[2023-04-05 15:25:30,718: WARNING/MainProcess]   File "D:\django_test\django-celery\venv\lib\site-packages\kombu\transport\redis.py", line 916, in _receive_one
    response = c.parse_response()
[2023-04-05 15:25:30,719: WARNING/MainProcess]   File "D:\django_test\django-celery\venv\lib\site-packages\redis\client.py", line 1521, in parse_response
    self.check_health()
[2023-04-05 15:25:30,720: WARNING/MainProcess]   File "D:\django_test\django-celery\venv\lib\site-packages\redis\client.py", line 1559, in check_health
    conn.send_command("PING", self.HEALTH_CHECK_MESSAGE, check_health=False)
[2023-04-05 15:25:30,720: WARNING/MainProcess]   File "D:\django_test\django-celery\venv\lib\site-packages\redis\connection.py", line 787, in send_command
    self.send_packed_command(
[2023-04-05 15:25:30,721: WARNING/MainProcess]   File "D:\django_test\django-celery\venv\lib\site-packages\redis\connection.py", line 780, in send_packed_command
    raise ConnectionError(f"Error {errno} while writing to socket. {errmsg}.")
[2023-04-05 15:25:30,721: WARNING/MainProcess] redis.exceptions.ConnectionError: Error 10054 while writing to socket. An existing connection was forcibly closed by the remote host.
[2023-04-05 15:25:30,738: WARNING/MainProcess] D:\django_test\django-celery\venv\lib\site-packages\celery\worker\consumer\consumer.py:367: CPendingDeprecationWarning: 
In Celery 5.1 we introduced an optional breaking change which
on connection loss cancels all currently executed tasks with late acknowledgement enabled.
These tasks cannot be acknowledged as the connection is gone, and the tasks are automatically redelivered back to the queue.
You can enable this behavior using the worker_cancel_long_running_tasks_on_connection_loss setting.
In Celery 5.1 it is set to False by default. The setting will be set to True by default in Celery 6.0.

  warnings.warn(CANCEL_TASKS_BY_DEFAULT, CPendingDeprecationWarning)

[2023-04-05 15:25:33,549: INFO/MainProcess] Connected to redis://default:**@containers-us-west-48.railway.app:7317//
[2023-04-05 15:25:34,338: INFO/MainProcess] mingle: searching for neighbors
[2023-04-05 15:25:39,033: INFO/MainProcess] mingle: sync with 1 nodes
[2023-04-05 15:25:39,034: INFO/MainProcess] mingle: sync complete
[2023-04-05 15:25:40,375: INFO/MainProcess] pidbox: Connected to redis://default:**@containers-us-west-48.railway.app:7317//.
[2023-04-05 17:03:19,715: INFO/MainProcess] missed heartbeat from celery@railway
[2023-04-05 17:03:19,715: WARNING/MainProcess] consumer: Connection to broker lost. Trying to re-establish the connection...
Traceback (most recent call last):
  File "D:\django_test\django-celery\venv\lib\site-packages\redis\connection.py", line 769, in send_packed_command
    self._sock.sendall(item)
  File "D:\django_test\django-celery\venv\lib\site-packages\eventlet\greenio\base.py", line 407, in sendall
    tail = self.send(data, flags)
  File "D:\django_test\django-celery\venv\lib\site-packages\eventlet\greenio\base.py", line 401, in send
    return self._send_loop(self.fd.send, data, flags)
  File "D:\django_test\django-celery\venv\lib\site-packages\eventlet\greenio\base.py", line 388, in _send_loop
    return send_method(data, *args)
ConnectionResetError: [WinError 10054] An existing connection was forcibly closed by the remote host

During handling of the above exception, another exception occurred:

Traceback (most recent call last):
  File "D:\django_test\django-celery\venv\lib\site-packages\celery\worker\consumer\consumer.py", line 332, in start
    blueprint.start(self)
  File "D:\django_test\django-celery\venv\lib\site-packages\celery\bootsteps.py", line 116, in start
    step.start(parent)
  File "D:\django_test\django-celery\venv\lib\site-packages\celery\worker\consumer\consumer.py", line 628, in start
    c.loop(*c.loop_args())
  File "D:\django_test\django-celery\venv\lib\site-packages\celery\worker\loops.py", line 130, in synloop
    connection.drain_events(timeout=2.0)
  File "D:\django_test\django-celery\venv\lib\site-packages\kombu\connection.py", line 316, in drain_events
    return self.transport.drain_events(self.connection, **kwargs)
  File "D:\django_test\django-celery\venv\lib\site-packages\kombu\transport\virtual\base.py", line 971, in drain_events
    get(self._deliver, timeout=timeout)
  File "D:\django_test\django-celery\venv\lib\site-packages\kombu\transport\redis.py", line 584, in get
    ret = self.handle_event(fileno, event)
  File "D:\django_test\django-celery\venv\lib\site-packages\kombu\transport\redis.py", line 566, in handle_event
    return self.on_readable(fileno), self
  File "D:\django_test\django-celery\venv\lib\site-packages\kombu\transport\redis.py", line 562, in on_readable
    chan.handlers[type]()
  File "D:\django_test\django-celery\venv\lib\site-packages\kombu\transport\redis.py", line 906, in _receive
    ret.append(self._receive_one(c))
  File "D:\django_test\django-celery\venv\lib\site-packages\kombu\transport\redis.py", line 916, in _receive_one
    response = c.parse_response()
  File "D:\django_test\django-celery\venv\lib\site-packages\redis\client.py", line 1521, in parse_response
    self.check_health()
  File "D:\django_test\django-celery\venv\lib\site-packages\redis\client.py", line 1559, in check_health
    conn.send_command("PING", self.HEALTH_CHECK_MESSAGE, check_health=False)
  File "D:\django_test\django-celery\venv\lib\site-packages\redis\connection.py", line 787, in send_command
    self.send_packed_command(
  File "D:\django_test\django-celery\venv\lib\site-packages\redis\connection.py", line 780, in send_packed_command
    raise ConnectionError(f"Error {errno} while writing to socket. {errmsg}.")
redis.exceptions.ConnectionError: Error 10054 while writing to socket. An existing connection was forcibly closed by the remote host.
[2023-04-05 17:03:26,954: WARNING/MainProcess] Traceback (most recent call last):
[2023-04-05 17:03:26,954: WARNING/MainProcess]   File "D:\django_test\django-celery\venv\lib\site-packages\redis\connection.py", line 769, in send_packed_command
    self._sock.sendall(item)
[2023-04-05 17:03:26,954: WARNING/MainProcess]   File "D:\django_test\django-celery\venv\lib\site-packages\eventlet\greenio\base.py", line 407, in sendall
    tail = self.send(data, flags)
[2023-04-05 17:03:26,954: WARNING/MainProcess]   File "D:\django_test\django-celery\venv\lib\site-packages\eventlet\greenio\base.py", line 401, in send
    return self._send_loop(self.fd.send, data, flags)
[2023-04-05 17:03:26,954: WARNING/MainProcess]   File "D:\django_test\django-celery\venv\lib\site-packages\eventlet\greenio\base.py", line 388, in _send_loop
    return send_method(data, *args)
[2023-04-05 17:03:26,954: WARNING/MainProcess] ConnectionResetError: [WinError 10054] An existing connection was forcibly closed by the remote host
[2023-04-05 17:03:26,954: WARNING/MainProcess] 
During handling of the above exception, another exception occurred:
[2023-04-05 17:03:26,954: WARNING/MainProcess] Traceback (most recent call last):
[2023-04-05 17:03:26,954: WARNING/MainProcess]   File "D:\django_test\django-celery\venv\lib\site-packages\eventlet\hubs\selects.py", line 59, in wait
    listeners.get(fileno, hub.noop).cb(fileno)
[2023-04-05 17:03:26,954: WARNING/MainProcess]   File "D:\django_test\django-celery\venv\lib\site-packages\celery\worker\pidbox.py", line 118, in loop
    connection.drain_events(timeout=1.0)
[2023-04-05 17:03:26,954: WARNING/MainProcess]   File "D:\django_test\django-celery\venv\lib\site-packages\kombu\connection.py", line 316, in drain_events
    return self.transport.drain_events(self.connection, **kwargs)
[2023-04-05 17:03:26,954: WARNING/MainProcess]   File "D:\django_test\django-celery\venv\lib\site-packages\kombu\transport\virtual\base.py", line 971, in drain_events
    get(self._deliver, timeout=timeout)
[2023-04-05 17:03:26,954: WARNING/MainProcess]   File "D:\django_test\django-celery\venv\lib\site-packages\kombu\transport\redis.py", line 584, in get
    ret = self.handle_event(fileno, event)
[2023-04-05 17:03:26,954: WARNING/MainProcess]   File "D:\django_test\django-celery\venv\lib\site-packages\kombu\transport\redis.py", line 566, in handle_event
    return self.on_readable(fileno), self
[2023-04-05 17:03:26,954: WARNING/MainProcess]   File "D:\django_test\django-celery\venv\lib\site-packages\kombu\transport\redis.py", line 562, in on_readable
    chan.handlers[type]()
[2023-04-05 17:03:26,954: WARNING/MainProcess]   File "D:\django_test\django-celery\venv\lib\site-packages\kombu\transport\redis.py", line 906, in _receive
    ret.append(self._receive_one(c))
[2023-04-05 17:03:26,954: WARNING/MainProcess]   File "D:\django_test\django-celery\venv\lib\site-packages\kombu\transport\redis.py", line 916, in _receive_one
    response = c.parse_response()
[2023-04-05 17:03:26,954: WARNING/MainProcess]   File "D:\django_test\django-celery\venv\lib\site-packages\redis\client.py", line 1521, in parse_response
    self.check_health()
[2023-04-05 17:03:26,954: WARNING/MainProcess]   File "D:\django_test\django-celery\venv\lib\site-packages\redis\client.py", line 1559, in check_health
    conn.send_command("PING", self.HEALTH_CHECK_MESSAGE, check_health=False)
[2023-04-05 17:03:26,954: WARNING/MainProcess]   File "D:\django_test\django-celery\venv\lib\site-packages\redis\connection.py", line 787, in send_command
    self.send_packed_command(
[2023-04-05 17:03:26,970: WARNING/MainProcess]   File "D:\django_test\django-celery\venv\lib\site-packages\redis\connection.py", line 780, in send_packed_command
    raise ConnectionError(f"Error {errno} while writing to socket. {errmsg}.")
[2023-04-05 17:03:26,970: WARNING/MainProcess] redis.exceptions.ConnectionError: Error 10054 while writing to socket. An existing connection was forcibly closed by the remote host.
[2023-04-05 17:03:26,970: WARNING/MainProcess] Removing descriptor: 7320
[2023-04-05 17:03:26,970: WARNING/MainProcess] D:\django_test\django-celery\venv\lib\site-packages\celery\worker\consumer\consumer.py:367: CPendingDeprecationWarning: 
In Celery 5.1 we introduced an optional breaking change which
on connection loss cancels all currently executed tasks with late acknowledgement enabled.
These tasks cannot be acknowledged as the connection is gone, and the tasks are automatically redelivered back to the queue.
You can enable this behavior using the worker_cancel_long_running_tasks_on_connection_loss setting.
In Celery 5.1 it is set to False by default. The setting will be set to True by default in Celery 6.0.

  warnings.warn(CANCEL_TASKS_BY_DEFAULT, CPendingDeprecationWarning)

[2023-04-05 17:03:27,987: INFO/MainProcess] Connected to redis://default:**@containers-us-west-48.railway.app:7317//
[2023-04-05 17:03:28,734: INFO/MainProcess] mingle: searching for neighbors
[2023-04-05 17:03:34,846: INFO/MainProcess] mingle: sync with 1 nodes
[2023-04-05 17:03:34,846: INFO/MainProcess] mingle: sync complete
[2023-04-05 17:03:36,105: INFO/MainProcess] pidbox: Connected to redis://default:**@containers-us-west-48.railway.app:7317//.
[2023-04-05 17:03:59,836: INFO/MainProcess] sync with celery@railway
[2023-04-05 17:04:40,038: INFO/MainProcess] Task tasks.sample_tasks.create_task[3b089cf6-bb2e-4d49-8a60-9d07e3798eb5] received
[2023-04-05 17:04:40,113: WARNING/MainProcess] Task Started
[2023-04-05 17:05:02,692: WARNING/MainProcess]  Filename:store_status Total enties:986715  
[2023-04-05 17:05:07,325: WARNING/MainProcess] Inserted:0
[2023-04-05 17:05:10,266: WARNING/MainProcess] Inserted:50000
[2023-04-05 17:05:14,373: WARNING/MainProcess] Inserted:100000
[2023-04-05 17:05:17,279: WARNING/MainProcess] Inserted:150000
[2023-04-05 17:05:20,285: WARNING/MainProcess] Inserted:200000
[2023-04-05 17:05:24,076: WARNING/MainProcess] Inserted:250000
[2023-04-05 17:05:27,427: WARNING/MainProcess] Inserted:300000
[2023-04-05 17:05:33,449: WARNING/MainProcess] Inserted:350000
[2023-04-05 17:05:37,008: WARNING/MainProcess] Inserted:400000
[2023-04-05 17:05:40,889: WARNING/MainProcess] Inserted:450000
[2023-04-05 17:05:45,295: WARNING/MainProcess] Inserted:500000
[2023-04-05 17:05:48,610: WARNING/MainProcess] Inserted:550000
[2023-04-05 17:05:51,770: WARNING/MainProcess] Inserted:600000
[2023-04-05 17:05:56,194: WARNING/MainProcess] Inserted:650000
[2023-04-05 17:05:59,368: WARNING/MainProcess] Inserted:700000
[2023-04-05 17:06:02,187: WARNING/MainProcess] Inserted:750000
[2023-04-05 17:06:05,946: WARNING/MainProcess] Inserted:800000
[2023-04-05 17:06:10,093: WARNING/MainProcess] Inserted:850000
[2023-04-05 17:06:14,550: WARNING/MainProcess] Inserted:900000
[2023-04-05 17:06:18,553: WARNING/MainProcess] Inserted:950000
[2023-04-05 17:06:24,399: WARNING/MainProcess]  Filename:business_hours Total enties:86198  
[2023-04-05 17:06:28,288: WARNING/MainProcess] Inserted:0
[2023-04-05 17:06:30,857: WARNING/MainProcess] Inserted:50000
[2023-04-05 17:06:31,816: WARNING/MainProcess]  Filename:store_timezone Total enties:13559  
[2023-04-05 17:06:32,738: WARNING/MainProcess] Inserted:0
[2023-04-05 17:06:36,630: INFO/MainProcess] Task tasks.sample_tasks.create_task[3b089cf6-bb2e-4d49-8a60-9d07e3798eb5] succeeded in 116.57900000000154s: 'loaded'
[2023-04-05 17:11:05,814: INFO/MainProcess] missed heartbeat from celery@railway
[2023-04-07 01:25:31,457: INFO/MainProcess] Connected to redis://default:**@containers-us-west-48.railway.app:7317//
[2023-04-07 01:25:32,254: INFO/MainProcess] mingle: searching for neighbors
[2023-04-07 01:25:37,754: INFO/MainProcess] mingle: all alone
[2023-04-07 01:25:39,176: INFO/MainProcess] pidbox: Connected to redis://default:**@containers-us-west-48.railway.app:7317//.
[2023-04-07 01:25:41,035: WARNING/MainProcess] D:\django_test\django-celery\venv\lib\site-packages\celery\fixups\django.py:203: UserWarning: Using settings.DEBUG leads to a memory
            leak, never use this setting in production environments!
  warnings.warn('''Using settings.DEBUG leads to a memory

[2023-04-07 01:25:41,035: INFO/MainProcess] celery@DESKTOP-SENCPKV ready.
[2023-04-07 01:25:41,567: INFO/MainProcess] Task tasks.sample_tasks.create_task[bb9435c4-04fd-459e-a34d-365f261b932d] received
[2023-04-07 01:25:41,567: WARNING/MainProcess] Task Started
[2023-04-07 01:25:41,567: WARNING/MainProcess] Loading Data
[2023-04-07 01:26:45,583: WARNING/MainProcess]  Filename:store_status Total enties:1822080  
[2023-04-07 01:26:52,014: WARNING/MainProcess] Inserted:0
[2023-04-07 01:27:00,343: WARNING/MainProcess] Inserted:50000
[2023-04-07 01:27:08,562: WARNING/MainProcess] Inserted:100000
[2023-04-07 01:27:16,804: WARNING/MainProcess] Inserted:150000
[2023-04-07 01:27:25,568: WARNING/MainProcess] Inserted:200000
[2023-04-07 01:27:36,382: WARNING/MainProcess] Inserted:250000
[2023-04-07 01:27:45,734: WARNING/MainProcess] Inserted:300000
[2023-04-07 01:27:55,545: WARNING/MainProcess] Inserted:350000
[2023-04-07 01:28:10,291: WARNING/MainProcess] Inserted:400000
[2023-04-07 01:28:21,045: WARNING/MainProcess] Inserted:450000
[2023-04-07 01:28:32,343: WARNING/MainProcess] Inserted:500000
[2023-04-07 01:28:44,454: WARNING/MainProcess] Inserted:550000
[2023-04-07 01:28:55,721: WARNING/MainProcess] Inserted:600000
[2023-04-07 01:29:22,272: WARNING/MainProcess] Inserted:650000
[2023-04-07 01:29:37,785: WARNING/MainProcess] Inserted:700000
[2023-04-07 01:29:55,731: WARNING/MainProcess] Inserted:750000
[2023-04-07 01:30:13,071: WARNING/MainProcess] Inserted:800000
[2023-04-07 01:30:31,432: WARNING/MainProcess] Restoring 1 unacknowledged message(s)
